<?xml version="1.0" encoding="utf-8"?>
<TestRun id="6fec56e8-e4bb-4620-976e-9fabbc0ed497" name="@Ss-Virtual-Machine 2026-07-27 14:15:51" xmlns="http://microsoft.com/schemas/VisualStudio/TeamTest/2010">
  <Times creation="2026-07-27T14:15:51.8401380+05:30" queuing="2026-07-27T14:15:51.8401380+05:30" start="2026-07-27T14:15:51.4194330+05:30" finish="2026-07-27T14:15:54.5548640+05:30" />
  <TestSettings name="default" id="eee3bfeb-9c7f-468d-ba67-8ab1333fdb14">
    <Deployment runDeploymentRoot="_Ss-Virtual-Machine_2026-07-27_14_15_51" />
  </TestSettings>
  <Results>
    <UnitTestResult executionId="d93ac2ac-d778-4b72-9c08-6ed9b0b5f0b8" testId="469c928f-9019-dd2a-93f0-e650d9a115bf" testName="TechieDesk.Tests.Storage.FileManagerRevealTests.RefusesToRevealAPathThatDoesNotExist" computerName="Ss-Virtual-Machine" duration="00:00:00.0001084" startTime="2026-07-27T14:15:51.8230190+05:30" endTime="2026-07-27T14:15:51.8230430+05:30" testType="13cdc9d9-ddb5-4fa4-a97d-d965ccfc6d4b" outcome="Passed" testListId="8c84fa94-04c1-424b-9868-57a2d4851a1d" relativeResultsDirectory="d93ac2ac-d778-4b72-9c08-6ed9b0b5f0b8" />
    <UnitTestResult executionId="3e505d81-1356-420d-8d76-a67455cec6d6" testId="c9df22ff-f520-956e-5010-5574fa373047" testName="TechieDesk.Tests.Settings.LlmConfigValidationTests.WholeConfigValidationCoversBothProviders" computerName="Ss-Virtual-Machine" duration="00:00:00.0002048" startTime="2026-07-27T14:15:51.9987860+05:30" endTime="2026-07-27T14:15:51.9988640+05:30" testType="13cdc9d9-ddb5-4fa4-a97d-d965ccfc6d4b" outcome="Passed" testListId="8c84fa94-04c1-424b-9868-57a2d4851a1d" relativeResultsDirectory="3e505d81-1356-420d-8d76-a67455cec6d6" />
    <UnitTestResult executionId="b3a79f41-2e4a-457f-9139-003dd2b0f04f" testId="2d21ee4a-0180-7be3-b135-820e77ebc9b0" testName="TechieDesk.Tests.Storage.FileManagerRevealTests.MacCommandSelectsInFinderWithoutOpeningTheFile" computerName="Ss-Virtual-Machine" duration="00:00:00.0001722" startTime="2026-07-27T14:15:51.8229570+05:30" endTime="2026-07-27T14:15:51.8229830+05:30" testType="13cdc9d9-ddb5-4fa4-a97d-d965ccfc6d4b" outcome="Passed" testListId="8c84fa94-04c1-424b-9868-57a2d4851a1d" relativeResultsDirectory="b3a79f41-2e4a-457f-9139-003dd2b0f04f" />
    <UnitTestResult executionId="de30d744-4a4a-4707-92fa-0ef36f4323dd" testId="0e50556a-432d-f888-28c5-2c1467429121" testName="TechieDesk.Tests.Settings.LlmConfigValidationTests.AzureNamesTheDeploymentFieldInItsError" computerName="Ss-Virtual-Machine" duration="00:00:00.0000545" startTime="2026-07-27T14:15:52.0122570+05:30" endTime="2026-07-27T14:15:52.0122770+05:30" testType="13cdc9d9-ddb5-4fa4-a97d-d965ccfc6d4b" outcome="Passed" testListId="8c84fa94-04c1-424b-9868-57a2d4851a1d" relativeResultsDirectory="de30d744-4a4a-4707-92fa-0ef36f4323dd" />
    <UnitTestResult executionId="1d7d8f0c-eea5-4bc2-a045-507ebdfb37b7" testId="9301000c-6adc-b724-3c89-c0db81ef8f48" testName="TechieDesk.Tests.Auth.SessionStoreTests.ActivitySlidesTheIdleWindow" computerName="Ss-Virtual-Machine" duration="00:00:00.0001742" startTime="2026-07-27T14:15:51.8435900+05:30" endTime="2026-07-27T14:15:51.8440450+05:30" testType="13cdc9d9-ddb5-4fa4-a97d-d965ccfc6d4b" outcome="Passed" testListId="8c84fa94-04c1-424b-9868-57a2d4851a1d" relativeResultsDirectory="1d7d8f0c-eea5-4bc2-a045-507ebdfb37b7" />
    <UnitTestResult executionId="3dd0b6f7-1184-4e49-b719-33eb16fae3dc" testId="59b78184-e4c0-dfe8-c477-68e2e6c529fc" testName="TechieDesk.Tests.AppManager.ErrorMappingTests.KnownCodesMapToEnum(wireCode: &quot;PROMO_CODE_EXHAUSTED&quot;, expected: PromoCodeExhausted)" computerName="Ss-Virtual-Machine" duration="00:00:00.0000011" startTime="2026-07-27T14:15:51.8739780+05:30" endTime="2026-07-27T14:15:51.8739920+05:30" testType="13cdc9d9-ddb5-4fa4-a97d-d965ccfc6d4b" outcome="Passed" testListId="8c84fa94-04c1-424b-9868-57a2d4851a1d" relativeResultsDirectory="3dd0b6f7-1184-4e49-b719-33eb16fae3dc" />
    <UnitTestResult executionId="e4a028e6-1893-46e8-ae0f-f1fa26f9659f" testId="b9bc1766-6b6e-4569-326b-9f65f0e1a4f2" testName="TechieDesk.Tests.Storage.FileManagerRevealTests.UnixCommandOpensTheContainingDirectory" computerName="Ss-Virtual-Machine" duration="00:00:00.0009001" startTime="2026-07-27T14:15:51.8227450+05:30" endTime="2026-07-27T14:15:51.8227830+05:30" testType="13cdc9d9-ddb5-4fa4-a97d-d965ccfc6d4b" outcome="Passed" testListId="8c84fa94-04c1-424b-9868-57a2d4851a1d" relativeResultsDirectory="e4a028e6-1893-46e8-ae0f-f1fa26f9659f" />
    <UnitTestResult executionId="f69b0384-49f3-47dc-9ac2-8878d1399892" testId="b94530e1-77a4-060c-0709-746319d79aaf" testName="TechieDesk.Tests.Agents.AgentRegistryPersistenceTests.AnUnusableHandleIsRefused" computerName="Ss-Virtual-Machine" duration="00:00:00.0132149" startTime="2026-07-27T14:15:52.4241960+05:30" endTime="2026-07-27T14:15:52.4370430+05:30" testType="13cdc9d9-ddb5-4fa4-a97d-d965ccfc6d4b" outcome="Passed" testListId="8c84fa94-04c1-424b-9868-57a2d4851a1d" relativeResultsDirectory="f69b0384-49f3-47dc-9ac2-8878d1399892" />
    <UnitTestResult executionId="a7aee662-5f67-4f37-a4f6-cd9b363c457f" testId="cb6607cd-1636-36c2-b5d6-11c234c7f380" testName="TechieDesk.Tests.Updates.ReleaseVersionTests.IgnoresBuildMetadata" computerName="Ss-Virtual-Machine" duration="00:00:00.0000302" startTime="2026-07-27T14:15:51.8954620+05:30" endTime="2026-07-27T14:15:51.8954760+05:30" testType="13cdc9d9-ddb5-4fa4-a97d-d965ccfc6d4b" outcome="Passed" testListId="8c84fa94-04c1-424b-9868-57a2d4851a1d" relativeResultsDirectory="a7aee662-5f67-4f37-a4f6-cd9b363c457f" />
    <UnitTestResult executionId="a9a1a35f-3088-49e9-b872-801e83346f67" testId="61c1a3ab-72bf-cd73-a5c1-2059e9afb027" testName="TechieDesk.Tests.AppManager.ErrorMappingTests.KnownCodesMapToEnum(wireCode: &quot;ALREADY_CLOSED&quot;, expected: AlreadyClosed)" computerName="Ss-Virtual-Machine" duration="00:00:00.0000010" startTime="2026-07-27T14:15:51.8744650+05:30" endTime="2026-07-27T14:15:51.8744790+05:30" testType="13cdc9d9-ddb5-4fa4-a97d-d965ccfc6d4b" outcome="Passed" testListId="8c84fa94-04c1-424b-9868-57a2d4851a1d" relativeResultsDirectory="a9a1a35f-3088-49e9-b872-801e83346f67" />
    <UnitTestResult executionId="7e213fc5-3550-48c8-a54c-5f66fd61c814" testId="05b28837-c821-8044-8ead-96129edb905c" testName="TechieDesk.Tests.Updates.ReleaseVersionTests.RoundTripsThroughItsTextForm(text: &quot;1.2.3-beta.1&quot;)" computerName="Ss-Virtual-Machine" duration="00:00:00.0001622" startTime="2026-07-27T14:15:51.8941390+05:30" endTime="2026-07-27T14:15:51.8941530+05:30" testType="13cdc9d9-ddb5-4fa4-a97d-d965ccfc6d4b" outcome="Passed" testListId="8c84fa94-04c1-424b-9868-57a2d4851a1d" relativeResultsDirectory="7e213fc5-3550-48c8-a54c-5f66fd61c814" />
    <UnitTestResult executionId="7e33d7c1-3392-402a-8fe5-42ebdbc3a43a" testId="adea53e3-448b-3efc-90b8-076b75b7f189" testName="TechieDesk.Tests.AppManager.TransportSecurityTests.HttpsBaseUrlIsAccepted(isDevelopment: False)" computerName="Ss-Virtual-Machine" duration="00:00:00.0000826" startTime="2026-07-27T14:15:51.8939280+05:30" endTime="2026-07-27T14:15:51.8939490+05:30" testType="13cdc9d9-ddb5-4fa4-a97d-d965ccfc6d4b" outcome="Passed" testListId="8c84fa94-04c1-424b-9868-57a2d4851a1d" relativeResultsDirectory="7e33d7c1-3392-402a-8fe5-42ebdbc3a43a" />
    <UnitTestResult executionId="17927e99-1658-4ed5-a327-70d930cda0c7" testId="4841d6c6-1d2d-8e34-10c2-3c2cd429305b" testName="TechieDesk.Tests.Threads.ChatHistoryTrimmerTests.DropsTrailingUserTurn" computerName="Ss-Virtual-Machine" duration="00:00:00.0004394" startTime="2026-07-27T14:15:51.8792560+05:30" endTime="2026-07-27T14:15:51.8792910+05:30" testType="13cdc9d9-ddb5-4fa4-a97d-d965ccfc6d4b" outcome="Passed" testListId="8c84fa94-04c1-424b-9868-57a2d4851a1d" relativeResultsDirectory="17927e99-1658-4ed5-a327-70d930cda0c7" />
    <UnitTestResult executionId="f4b33cb2-760b-4d01-bfc3-6bf556a46b75" testId="9043cff4-95dc-1cf7-0333-b8005fa8897a" testName="TechieDesk.Tests.Web.WebIngestionServiceTests.SummaryNeverOverstatesWhatHappened" computerName="Ss-Virtual-Machine" duration="00:00:00.0006698" startTime="2026-07-27T14:15:52.1878000+05:30" endTime="2026-07-27T14:15:52.1880910+05:30" testType="13cdc9d9-ddb5-4fa4-a97d-d965ccfc6d4b" outcome="Passed" testListId="8c84fa94-04c1-424b-9868-57a2d4851a1d" relativeResultsDirectory="f4b33cb2-760b-4d01-bfc3-6bf556a46b75" />
    <UnitTestResult executionId="76b8dd59-cae2-4e42-8804-815ce9176931" testId="a0bdbed9-23df-4c1a-8a94-cb96dc30d250" testName="TechieDesk.Tests.Agents.AgentMentionTests.HandleValidationMatchesWhatTheParserCanRead(handle: &quot;agent2&quot;, expected: True)" computerName="Ss-Virtual-Machine" duration="00:00:00.0000012" startTime="2026-07-27T14:15:52.1349490+05:30" endTime="2026-07-27T14:15:52.1349660+05:30" testType="13cdc9d9-ddb5-4fa4-a97d-d965ccfc6d4b" outcome="Passed" testListId="8c84fa94-04c1-424b-9868-57a2d4851a1d" relativeResultsDirectory="76b8dd59-cae2-4e42-8804-815ce9176931" />
    <UnitTestResult executionId="029169aa-6b6b-42b5-901f-bb8d69f9bd85" testId="2f10d8e0-2ba4-5547-7bcc-fcfb28b6463e" testName="TechieDesk.Tests.Workspaces.UploadTypePolicyTests.AcceptsSupportedTypes(fileName: &quot;kickoff.pptx&quot;)" computerName="Ss-Virtual-Machine" duration="00:00:00.0000005" startTime="2026-07-27T14:15:51.8581930+05:30" endTime="2026-07-27T14:15:51.8582080+05:30" testType="13cdc9d9-ddb5-4fa4-a97d-d965ccfc6d4b" outcome="Passed" testListId="8c84fa94-04c1-424b-9868-57a2d4851a1d" relativeResultsDirectory="029169aa-6b6b-42b5-901f-bb8d69f9bd85" />
    <UnitTestResult executionId="9fd2b1e0-5f76-4320-8487-cb6ad10ac02f" testId="3e934e29-45b7-840f-69e3-b92f9ee3fc28" testName="TechieDesk.Tests.SupportIssues.SupportWireContractTests.ListIssuesReturnsEmptyRatherThanThrowingWhenThereAreNone" computerName="Ss-Virtual-Machine" duration="00:00:00.0015248" startTime="2026-07-27T14:15:52.1152900+05:30" endTime="2026-07-27T14:15:52.1167840+05:30" testType="13cdc9d9-ddb5-4fa4-a97d-d965ccfc6d4b" outcome="Passed" testListId="8c84fa94-04c1-424b-9868-57a2d4851a1d" relativeResultsDirectory="9fd2b1e0-5f76-4320-8487-cb6ad10ac02f" />
    <UnitTestResult executionId="61ef6510-18f2-4439-9331-6bee4b9e36bc" testId="4fe36aed-2351-0e04-1ce8-6a786c04e616" testName="TechieDesk.Tests.ProviderSecretStoreTests.AMissingStoreEntryFailsSafeAndBlocksTheRewrite" computerName="Ss-Virtual-Machine" duration="00:00:00.0027600" startTime="2026-07-27T14:15:51.9542980+05:30" endTime="2026-07-27T14:15:51.9570680+05:30" testType="13cdc9d9-ddb5-4fa4-a97d-d965ccfc6d4b" outcome="Passed" testListId="8c84fa94-04c1-424b-9868-57a2d4851a1d" relativeResultsDirectory="61ef6510-18f2-4439-9331-6bee4b9e36bc" />
    <UnitTestResult executionId="a60f3786-8fff-48ee-8ffa-1fe02be23d4b" testId="28f3cdc9-9fec-7541-dc16-a285d11b6915" testName="TechieDesk.Tests.SupportIssues.SupportAttachmentPolicyTests.EmptyFileIsRejected" computerName="Ss-Virtual-Machine" duration="00:00:00.0000192" startTime="2026-07-27T14:15:51.8324240+05:30" endTime="2026-07-27T14:15:51.8324430+05:30" testType="13cdc9d9-ddb5-4fa4-a97d-d965ccfc6d4b" outcome="Passed" testListId="8c84fa94-04c1-424b-9868-57a2d4851a1d" relativeResultsDirectory="a60f3786-8fff-48ee-8ffa-1fe02be23d4b" />
    <UnitTestResult executionId="9c9492df-fba9-4177-b176-8c19054a203f" testId="85a35043-1dcd-414a-55af-24f13bf35a6c" testName="TechieDesk.Tests.Updates.ReleaseVersionTests.OrdersByNumericComponents(older: &quot;1.9.0&quot;, newer: &quot;1.10.0&quot;)" computerName="Ss-Virtual-Machine" duration="00:00:00.0000475" startTime="2026-07-27T14:15:51.8947860+05:30" endTime="2026-07-27T14:15:51.8948020+05:30" testType="13cdc9d9-ddb5-4fa4-a97d-d965ccfc6d4b" outcome="Passed" testListId="8c84fa94-04c1-424b-9868-57a2d4851a1d" relativeResultsDirectory="9c9492df-fba9-4177-b176-8c19054a203f" />
    <UnitTestResult executionId="47d5c9dc-4f64-470a-bd2f-f78904f80697" testId="2b2b007f-f104-2d07-a53b-eab07d8da627" testName="TechieDesk.Tests.Agents.AgentMentionTests.HandleValidationMatchesWhatTheParserCanRead(handle: &quot;analyst&quot;, expected: True)" computerName="Ss-Virtual-Machine" duration="00:00:00.0000007" startTime="2026-07-27T14:15:52.1350790+05:30" endTime="2026-07-27T14:15:52.1350930+05:30" testType="13cdc9d9-ddb5-4fa4-a97d-d965ccfc6d4b" outcome="Passed" testListId="8c84fa94-04c1-424b-9868-57a2d4851a1d" relativeResultsDirectory="47d5c9dc-4f64-470a-bd2f-f78904f80697" />
    <UnitTestResult executionId="05644cd1-bec8-455a-9055-c5ddece57716" testId="8e38359f-766e-e12a-09df-e5e2a1f3b566" testName="TechieDesk.Tests.Agents.AgentMentionTests.HandleValidationMatchesWhatTheParserCanRead(handle: &quot;&quot;, expected: False)" computerName="Ss-Virtual-Machine" duration="00:00:00.0000578" startTime="2026-07-27T14:15:52.1349100+05:30" endTime="2026-07-27T14:15:52.1349240+05:30" testType="13cdc9d9-ddb5-4fa4-a97d-d965ccfc6d4b" outcome="Passed" testListId="8c84fa94-04c1-424b-9868-57a2d4851a1d" relativeResultsDirectory="05644cd1-bec8-455a-9055-c5ddece57716" />
    <UnitTestResult executionId="35a22d04-7325-4873-82ba-af5f9c46d7fb" testId="75433523-2751-d71a-17e1-1b57dfdcd712" testName="TechieDesk.Tests.SupportIssues.SupportWireContractTests.GetIssueReadsCommentThread" computerName="Ss-Virtual-Machine" duration="00:00:00.0013643" startTime="2026-07-27T14:15:52.1179720+05:30" endTime="2026-07-27T14:15:52.1190920+05:30" testType="13cdc9d9-ddb5-4fa4-a97d-d965ccfc6d4b" outcome="Passed" testListId="8c84fa94-04c1-424b-9868-57a2d4851a1d" relativeResultsDirectory="35a22d04-7325-4873-82ba-af5f9c46d7fb" />
    <UnitTestResult executionId="3b44079f-2c64-4043-a38d-f5b48e3993e5" testId="496f1ccb-b044-5339-7ff5-cdadde06cf8f" testName="TechieDesk.Tests.Web.WebIngestionRequestTests.CrawlOptionsCarryTheBoundsTheFormCollected" computerName="Ss-Virtual-Machine" duration="00:00:00.0000811" startTime="2026-07-27T14:15:51.8449720+05:30" endTime="2026-07-27T14:15:51.8449900+05:30" testType="13cdc9d9-ddb5-4fa4-a97d-d965ccfc6d4b" outcome="Passed" testListId="8c84fa94-04c1-424b-9868-57a2d4851a1d" relativeResultsDirectory="3b44079f-2c64-4043-a38d-f5b48e3993e5" />
    <UnitTestResult executionId="1db1642d-531f-459e-a655-383d872b3375" testId="67751cfc-bdcf-36f3-7758-b0ef21afd100" testName="TechieDesk.Tests.Auth.SessionStoreTests.SessionResolvesAcrossSeparateCircuits" computerName="Ss-Virtual-Machine" duration="00:00:00.0001196" startTime="2026-07-27T14:15:51.8258440+05:30" endTime="2026-07-27T14:15:51.8258630+05:30" testType="13cdc9d9-ddb5-4fa4-a97d-d965ccfc6d4b" outcome="Passed" testListId="8c84fa94-04c1-424b-9868-57a2d4851a1d" relativeResultsDirectory="1db1642d-531f-459e-a655-383d872b3375" />
    <UnitTestResult executionId="1f1761e7-fa35-4743-a0b2-72beb2fc18d1" testId="6e5969d6-7ff3-17de-f9e3-e6f1346c6ab5" testName="TechieDesk.Tests.AppManager.TransportSecurityTests.UntrustedCertificateRequiresBothDevelopmentAndOptIn(isDevelopment: True, allowUntrusted: True, expected: True)" computerName="Ss-Virtual-Machine" duration="00:00:00.0000012" startTime="2026-07-27T14:15:51.8935520+05:30" endTime="2026-07-27T14:15:51.8935670+05:30" testType="13cdc9d9-ddb5-4fa4-a97d-d965ccfc6d4b" outcome="Passed" testListId="8c84fa94-04c1-424b-9868-57a2d4851a1d" relativeResultsDirectory="1f1761e7-fa35-4743-a0b2-72beb2fc18d1" />
    <UnitTestResult executionId="240ba841-b133-4aa2-bc2c-030ed377ce3e" testId="19ac0ec3-7d05-a819-6580-8b6c6ca9bbe3" testName="TechieDesk.Tests.Auth.SecretStoreSessionTests.SigningInRotatesTheHandleAndReplacesTheStoredSession" computerName="Ss-Virtual-Machine" duration="00:00:00.0003084" startTime="2026-07-27T14:15:51.8753610+05:30" endTime="2026-07-27T14:15:51.8756120+05:30" testType="13cdc9d9-ddb5-4fa4-a97d-d965ccfc6d4b" outcome="Passed" testListId="8c84fa94-04c1-424b-9868-57a2d4851a1d" relativeResultsDirectory="240ba841-b133-4aa2-bc2c-030ed377ce3e" />
    <UnitTestResult executionId="ec7ce6d1-d1a4-4bbf-8db4-ec55775bdb0f" testId="980dbb6c-9513-e729-d2a2-7c3df6f84cb2" testName="TechieDesk.Tests.Workspaces.UploadTypePolicyTests.AcceptsSupportedTypes(fileName: &quot;people.csv&quot;)" computerName="Ss-Virtual-Machine" duration="00:00:00.0000559" startTime="2026-07-27T14:15:51.8580500+05:30" endTime="2026-07-27T14:15:51.8580730+05:30" testType="13cdc9d9-ddb5-4fa4-a97d-d965ccfc6d4b" outcome="Passed" testListId="8c84fa94-04c1-424b-9868-57a2d4851a1d" relativeResultsDirectory="ec7ce6d1-d1a4-4bbf-8db4-ec55775bdb0f" />
    <UnitTestResult executionId="d60cfc1f-7f11-4e87-9b47-3e59a760eaaf" testId="ad8c0ba4-26c9-da1c-f849-9afaee22d9ca" testName="TechieDesk.Tests.Auth.SecretStoreSessionTests.ARestartCannotRenewTheHardLifetime" computerName="Ss-Virtual-Machine" duration="00:00:00.0001541" startTime="2026-07-27T14:15:51.8888010+05:30" endTime="2026-07-27T14:15:51.8888220+05:30" testType="13cdc9d9-ddb5-4fa4-a97d-d965ccfc6d4b" outcome="Passed" testListId="8c84fa94-04c1-424b-9868-57a2d4851a1d" relativeResultsDirectory="d60cfc1f-7f11-4e87-9b47-3e59a760eaaf" />
    <UnitTestResult executionId="3a3ce31c-afda-45c4-bbf7-484f5d957117" testId="cd5c8e8b-0bb8-d247-6df8-99182ac7b4ba" testName="TechieDesk.Tests.Agents.AgentMentionTests.SuggestedHandleRoundTripsThroughTheParser" computerName="Ss-Virtual-Machine" duration="00:00:00.0001295" startTime="2026-07-27T14:15:52.1353530+05:30" endTime="2026-07-27T14:15:52.1353720+05:30" testType="13cdc9d9-ddb5-4fa4-a97d-d965ccfc6d4b" outcome="Passed" testListId="8c84fa94-04c1-424b-9868-57a2d4851a1d" relativeResultsDirectory="3a3ce31c-afda-45c4-bbf7-484f5d957117" />
    <UnitTestResult executionId="8411f84d-fa90-4033-bbcf-e7ccb62db301" testId="de66b5cb-4a07-3e8c-b3fc-237b4d2a95ba" testName="TechieDesk.Tests.Data.DataDirectoryTests.UnixResolvesUnderXdgDataHome" computerName="Ss-Virtual-Machine" duration="00:00:00.0000256" startTime="2026-07-27T14:15:51.8396400+05:30" endTime="2026-07-27T14:15:51.8396950+05:30" testType="13cdc9d9-ddb5-4fa4-a97d-d965ccfc6d4b" outcome="Passed" testListId="8c84fa94-04c1-424b-9868-57a2d4851a1d" relativeResultsDirectory="8411f84d-fa90-4033-bbcf-e7ccb62db301" />
    <UnitTestResult executionId="3268997d-bba7-41bc-acb5-18a2f4031d5a" testId="e9fd4386-4578-d736-8e06-423051987981" testName="TechieDesk.Tests.Agents.AgentSkillResolverTests.CatalogueOverridesTheAgentsOwnSelection" computerName="Ss-Virtual-Machine" duration="00:00:00.0001078" startTime="2026-07-27T14:15:51.8986310+05:30" endTime="2026-07-27T14:15:51.9000100+05:30" testType="13cdc9d9-ddb5-4fa4-a97d-d965ccfc6d4b" outcome="Passed" testListId="8c84fa94-04c1-424b-9868-57a2d4851a1d" relativeResultsDirectory="3268997d-bba7-41bc-acb5-18a2f4031d5a" />
    <UnitTestResult executionId="4df7a66a-b9ae-4130-8643-4e0daabe7c7c" testId="cb6ca855-b172-5fe9-a1a4-88c60b73d670" testName="TechieDesk.Tests.SupportIssues.SupportThreadNoteTests.ComposeWithEmptyBodyStillCarriesTheManifest" computerName="Ss-Virtual-Machine" duration="00:00:00.0006290" startTime="2026-07-27T14:15:51.8771650+05:30" endTime="2026-07-27T14:15:51.8780260+05:30" testType="13cdc9d9-ddb5-4fa4-a97d-d965ccfc6d4b" outcome="Passed" testListId="8c84fa94-04c1-424b-9868-57a2d4851a1d" relativeResultsDirectory="4df7a66a-b9ae-4130-8643-4e0daabe7c7c" />
    <UnitTestResult executionId="29d8c505-800b-43f2-872f-55e1eeaee22f" testId="b76c3a73-e361-daae-8b3a-a47337f5e56b" testName="TechieDesk.Tests.Storage.DataStorageInspectorTests.ReportsTheDirectoryItMeasured" computerName="Ss-Virtual-Machine" duration="00:00:00.0004473" startTime="2026-07-27T14:15:51.9047200+05:30" endTime="2026-07-27T14:15:51.9051520+05:30" testType="13cdc9d9-ddb5-4fa4-a97d-d965ccfc6d4b" outcome="Passed" testListId="8c84fa94-04c1-424b-9868-57a2d4851a1d" relativeResultsDirectory="29d8c505-800b-43f2-872f-55e1eeaee22f" />
    <UnitTestResult executionId="0e136e85-5b8b-4a2b-b979-edec6b6ecd52" testId="f8b0a969-28c9-6443-ebb1-0a1dbbbdb227" testName="TechieDesk.Tests.Web.WebIngestionServiceTests.DepthZeroFetchesOnlyTheSeed" computerName="Ss-Virtual-Machine" duration="00:00:00.0620556" startTime="2026-07-27T14:15:53.1979350+05:30" endTime="2026-07-27T14:15:53.2599840+05:30" testType="13cdc9d9-ddb5-4fa4-a97d-d965ccfc6d4b" outcome="Passed" testListId="8c84fa94-04c1-424b-9868-57a2d4851a1d" relativeResultsDirectory="0e136e85-5b8b-4a2b-b979-edec6b6ecd52" />
    <UnitTestResult executionId="c77492cb-49f9-46ca-a1fe-7ea499ebdd75" testId="f531dc27-dc25-bb71-462b-d8e5b08edd33" testName="TechieDesk.Tests.Auth.AuthStateProviderTests.AccountFreeStateIsAdmin" computerName="Ss-Virtual-Machine" duration="00:00:00.0065022" startTime="2026-07-27T14:15:51.8237350+05:30" endTime="2026-07-27T14:15:51.8311510+05:30" testType="13cdc9d9-ddb5-4fa4-a97d-d965ccfc6d4b" outcome="Passed" testListId="8c84fa94-04c1-424b-9868-57a2d4851a1d" relativeResultsDirectory="c77492cb-49f9-46ca-a1fe-7ea499ebdd75" />
    <UnitTestResult executionId="9b147ba1-1781-4962-8f6a-1cecb2c11e87" testId="074d1a11-50af-da0e-44f9-e446f1a45d0a" testName="TechieDesk.Tests.Settings.LlmConfigValidationTests.HostedProvidersNeedAKeyAndNoBaseUrl(source: GoogleGemini)" computerName="Ss-Virtual-Machine" duration="00:00:00.0000891" startTime="2026-07-27T14:15:51.9989430+05:30" endTime="2026-07-27T14:15:51.9989670+05:30" testType="13cdc9d9-ddb5-4fa4-a97d-d965ccfc6d4b" outcome="Passed" testListId="8c84fa94-04c1-424b-9868-57a2d4851a1d" relativeResultsDirectory="9b147ba1-1781-4962-8f6a-1cecb2c11e87" />
    <UnitTestResult executionId="88d7ca77-ff04-47a1-b94f-9e070c942e5b" testId="a95499ef-be00-c9ee-6e99-80ab847a34f4" testName="TechieDesk.Tests.Web.WebIngestionRequestTests.PrivateNetworkTargetsAreRefusedByDefault(candidate: &quot;http://10.1.2.3/&quot;)" computerName="Ss-Virtual-Machine" duration="00:00:00.0000035" startTime="2026-07-27T14:15:51.8400870+05:30" endTime="2026-07-27T14:15:51.8401020+05:30" testType="13cdc9d9-ddb5-4fa4-a97d-d965ccfc6d4b" outcome="Passed" testListId="8c84fa94-04c1-424b-9868-57a2d4851a1d" relativeResultsDirectory="88d7ca77-ff04-47a1-b94f-9e070c942e5b" />
    <UnitTestResult executionId="bbd6ff05-2e25-43c2-8201-536e8160ac03" testId="84b84649-1cb3-7515-ab78-a88c76cc237e" testName="TechieDesk.Tests.Licensing.LicenseServiceTests.OutageWithoutCacheDegrades" computerName="Ss-Virtual-Machine" duration="00:00:00.0001883" startTime="2026-07-27T14:15:51.9103890+05:30" endTime="2026-07-27T14:15:51.9105630+05:30" testType="13cdc9d9-ddb5-4fa4-a97d-d965ccfc6d4b" outcome="Passed" testListId="8c84fa94-04c1-424b-9868-57a2d4851a1d" relativeResultsDirectory="bbd6ff05-2e25-43c2-8201-536e8160ac03" />
    <UnitTestResult executionId="17f58541-8f53-4bf8-9c09-27c8b8843aac" testId="b3a0dce3-2d53-a33c-01df-037b8a59bf23" testName="TechieDesk.Tests.AppManager.RsaEncryptionTests.DecryptionFailedTwiceThrows" computerName="Ss-Virtual-Machine" duration="00:00:00.1023521" startTime="2026-07-27T14:15:51.9362150+05:30" endTime="2026-07-27T14:15:52.0386450+05:30" testType="13cdc9d9-ddb5-4fa4-a97d-d965ccfc6d4b" outcome="Passed" testListId="8c84fa94-04c1-424b-9868-57a2d4851a1d" relativeResultsDirectory="17f58541-8f53-4bf8-9c09-27c8b8843aac" />
    <UnitTestResult executionId="9c86e511-c87a-4ca6-9847-0b588332bbda" testId="d23fa8cd-279d-60ed-01fc-d842fff773e5" testName="TechieDesk.Tests.SupportIssues.SupportAttachmentStoreTests.ContentTypeIsInferredWhenTheClientSendsNone" computerName="Ss-Virtual-Machine" duration="00:00:00.0032971" startTime="2026-07-27T14:15:52.1470380+05:30" endTime="2026-07-27T14:15:52.1500610+05:30" testType="13cdc9d9-ddb5-4fa4-a97d-d965ccfc6d4b" outcome="Passed" testListId="8c84fa94-04c1-424b-9868-57a2d4851a1d" relativeResultsDirectory="9c86e511-c87a-4ca6-9847-0b588332bbda" />
    <UnitTestResult executionId="f2b49a29-61a5-48c7-a848-6447579de5a1" testId="b6dd830f-949e-7b8f-8794-6c2d6469f52e" testName="TechieDesk.Tests.Updates.ReleaseVersionTests.OrdersByNumericComponents(older: &quot;1.1.0&quot;, newer: &quot;1.2.0&quot;)" computerName="Ss-Virtual-Machine" duration="00:00:00.0000011" startTime="2026-07-27T14:15:51.8948270+05:30" endTime="2026-07-27T14:15:51.8948410+05:30" testType="13cdc9d9-ddb5-4fa4-a97d-d965ccfc6d4b" outcome="Passed" testListId="8c84fa94-04c1-424b-9868-57a2d4851a1d" relativeResultsDirectory="f2b49a29-61a5-48c7-a848-6447579de5a1" />
    <UnitTestResult executionId="cd853cbf-e9e5-4ab3-b4c9-2cc09b1acd00" testId="bd9f4409-56dd-ab58-b670-22113004d71e" testName="TechieDesk.Tests.Auth.PasswordPolicyTests.AcceptsCompliantPasswords(password: &quot;Passw0rd!&quot;)" computerName="Ss-Virtual-Machine" duration="00:00:00.0000007" startTime="2026-07-27T14:15:51.9620160+05:30" endTime="2026-07-27T14:15:51.9620310+05:30" testType="13cdc9d9-ddb5-4fa4-a97d-d965ccfc6d4b" outcome="Passed" testListId="8c84fa94-04c1-424b-9868-57a2d4851a1d" relativeResultsDirectory="cd853cbf-e9e5-4ab3-b4c9-2cc09b1acd00" />
    <UnitTestResult executionId="15a3f2ba-d336-4d98-ab7d-cfdb96ab5d7e" testId="d7763da3-07e6-a668-21ab-54e3d96359ad" testName="TechieDesk.Tests.Auth.RouteGuardTests.ConfiguredInstanceCannotBehaveDifferently" computerName="Ss-Virtual-Machine" duration="00:00:00.0004960" startTime="2026-07-27T14:15:52.1356880+05:30" endTime="2026-07-27T14:15:52.1357030+05:30" testType="13cdc9d9-ddb5-4fa4-a97d-d965ccfc6d4b" outcome="Passed" testListId="8c84fa94-04c1-424b-9868-57a2d4851a1d" relativeResultsDirectory="15a3f2ba-d336-4d98-ab7d-cfdb96ab5d7e" />
    <UnitTestResult executionId="745d6e8c-4b33-4aa7-98d8-eef02fa27ad7" testId="316511a0-8628-4003-cc07-7aea91e22de2" testName="TechieDesk.Tests.Agents.AgentSkillResolverTests.UnselectedButPermittedSkillIsDisabledAndEditable" computerName="Ss-Virtual-Machine" duration="00:00:00.0021536" startTime="2026-07-27T14:15:51.8968130+05:30" endTime="2026-07-27T14:15:51.8985460+05:30" testType="13cdc9d9-ddb5-4fa4-a97d-d965ccfc6d4b" outcome="Passed" testListId="8c84fa94-04c1-424b-9868-57a2d4851a1d" relativeResultsDirectory="745d6e8c-4b33-4aa7-98d8-eef02fa27ad7" />
    <UnitTestResult executionId="5f1ea9da-4508-421c-b816-2d1c8e7bf6b0" testId="f08970ce-6613-baa9-901c-07b8823e4910" testName="TechieDesk.Tests.Docker.DockerDaemonEndpointTests.ExplicitPortIsPreserved(raw: &quot;tcp://host:9999&quot;, expectedPort: 9999)" computerName="Ss-Virtual-Machine" duration="00:00:00.0000460" startTime="2026-07-27T14:15:51.8457520+05:30" endTime="2026-07-27T14:15:51.8458000+05:30" testType="13cdc9d9-ddb5-4fa4-a97d-d965ccfc6d4b" outcome="Passed" testListId="8c84fa94-04c1-424b-9868-57a2d4851a1d" relativeResultsDirectory="5f1ea9da-4508-421c-b816-2d1c8e7bf6b0" />
    <UnitTestResult executionId="b43cf04b-553a-478a-9f44-373b4f468245" testId="ae282e66-7aa3-7d08-c982-7545291199f3" testName="TechieDesk.Tests.Support.OutboundEgressTests.TheUpdateCheckDoesNotRunAtLaunchByDefault" computerName="Ss-Virtual-Machine" duration="00:00:00.0000210" startTime="2026-07-27T14:15:51.9522990+05:30" endTime="2026-07-27T14:15:51.9523170+05:30" testType="13cdc9d9-ddb5-4fa4-a97d-d965ccfc6d4b" outcome="Passed" testListId="8c84fa94-04c1-424b-9868-57a2d4851a1d" relativeResultsDirectory="b43cf04b-553a-478a-9f44-373b4f468245" />
    <UnitTestResult executionId="d10fc52f-f0df-478f-abe1-36bf1d0d37ea" testId="bca6a31e-3794-5947-1870-2339f1dc0b18" testName="TechieDesk.Tests.SupportIssues.SupportDiagnosticsTests.ShortLogIsReturnedWhole" computerName="Ss-Virtual-Machine" duration="00:00:00.0009259" startTime="2026-07-27T14:15:51.8336450+05:30" endTime="2026-07-27T14:15:51.8355490+05:30" testType="13cdc9d9-ddb5-4fa4-a97d-d965ccfc6d4b" outcome="Passed" testListId="8c84fa94-04c1-424b-9868-57a2d4851a1d" relativeResultsDirectory="d10fc52f-f0df-478f-abe1-36bf1d0d37ea" />
    <UnitTestResult executionId="7a507e98-d087-4700-a7fd-e16d64069ff7" testId="ba8c26ca-2eb0-2542-e4d3-64fa4fe4c130" testName="TechieDesk.Tests.Storage.DataStorageInspectorTests.UnrecognisedFilesAreCarriedInTheOtherRow" computerName="Ss-Virtual-Machine" duration="00:00:00.0012587" startTime="2026-07-27T14:15:51.9147770+05:30" endTime="2026-07-27T14:15:51.9160730+05:30" testType="13cdc9d9-ddb5-4fa4-a97d-d965ccfc6d4b" outcome="Passed" testListId="8c84fa94-04c1-424b-9868-57a2d4851a1d" relativeResultsDirectory="7a507e98-d087-4700-a7fd-e16d64069ff7" />
    <UnitTestResult executionId="78ac51fb-47fd-4fa9-abf1-0bdd19b1a418" testId="a142ed6a-be95-f908-7a13-d721e7fbf2e6" testName="TechieDesk.Tests.ProviderSecretStoreTests.ExistingEncryptedKeysAreReadableAndFlaggedForMigration" computerName="Ss-Virtual-Machine" duration="00:00:00.0031462" startTime="2026-07-27T14:15:51.9587000+05:30" endTime="2026-07-27T14:15:51.9614850+05:30" testType="13cdc9d9-ddb5-4fa4-a97d-d965ccfc6d4b" outcome="Passed" testListId="8c84fa94-04c1-424b-9868-57a2d4851a1d" relativeResultsDirectory="78ac51fb-47fd-4fa9-abf1-0bdd19b1a418" />
    <UnitTestResult executionId="3f23ffd4-158d-4364-b8ab-1722263f7523" testId="d77f51ad-3c02-73cd-9fe1-3093e5943b3e" testName="TechieDesk.Tests.Settings.LlmConfigValidationTests.EveryConfiguredProviderRequiresAModel(source: Anthropic)" computerName="Ss-Virtual-Machine" duration="00:00:00.0000012" startTime="2026-07-27T14:15:51.9986870+05:30" endTime="2026-07-27T14:15:51.9987050+05:30" testType="13cdc9d9-ddb5-4fa4-a97d-d965ccfc6d4b" outcome="Passed" testListId="8c84fa94-04c1-424b-9868-57a2d4851a1d" relativeResultsDirectory="3f23ffd4-158d-4364-b8ab-1722263f7523" />
    <UnitTestResult executionId="7fb1640f-bd2b-4aef-bc05-95b98e666256" testId="93377600-73dd-4f8c-744d-6963abeb9c32" testName="TechieDesk.Tests.SupportIssues.SupportThreadNoteTests.ComposeKeepsBothTheBodyAndTheManifest" computerName="Ss-Virtual-Machine" duration="00:00:00.0000388" startTime="2026-07-27T14:15:51.8810480+05:30" endTime="2026-07-27T14:15:51.8810630+05:30" testType="13cdc9d9-ddb5-4fa4-a97d-d965ccfc6d4b" outcome="Passed" testListId="8c84fa94-04c1-424b-9868-57a2d4851a1d" relativeResultsDirectory="7fb1640f-bd2b-4aef-bc05-95b98e666256" />
    <UnitTestResult executionId="55a1936e-ba17-4934-94c6-ca4028bc8037" testId="4f9e7bca-06ee-062f-2dda-b8bb5468af53" testName="TechieDesk.Tests.Workspaces.UploadTypePolicyTests.RejectsLegacyBinaryOfficeTypes(fileName: &quot;old.xls&quot;)" computerName="Ss-Virtual-Machine" duration="00:00:00.0000288" startTime="2026-07-27T14:15:51.8588460+05:30" endTime="2026-07-27T14:15:51.8588600+05:30" testType="13cdc9d9-ddb5-4fa4-a97d-d965ccfc6d4b" outcome="Passed" testListId="8c84fa94-04c1-424b-9868-57a2d4851a1d" relativeResultsDirectory="55a1936e-ba17-4934-94c6-ca4028bc8037" />
    <UnitTestResult executionId="3b6ebcdb-51fb-40b1-822c-3720404be158" testId="129fa76f-3bde-2191-40f4-0f022b57e012" testName="TechieDesk.Tests.SupportIssues.SupportThreadNoteTests.PriorityChangeOmitsAnEmptyReason" computerName="Ss-Virtual-Machine" duration="00:00:00.0019094" startTime="2026-07-27T14:15:51.8784580+05:30" endTime="2026-07-27T14:15:51.8799410+05:30" testType="13cdc9d9-ddb5-4fa4-a97d-d965ccfc6d4b" outcome="Passed" testListId="8c84fa94-04c1-424b-9868-57a2d4851a1d" relativeResultsDirectory="3b6ebcdb-51fb-40b1-822c-3720404be158" />
    <UnitTestResult executionId="2fc03f0b-04e7-4dbe-812a-6491a43480a9" testId="dfc9d47a-b9fa-13f5-de89-c964faccab61" testName="TechieDesk.Tests.AppManager.ErrorMappingTests.KnownCodesMapToEnum(wireCode: &quot;PDF_GENERATION_FAILED&quot;, expected: PdfGenerationFailed)" computerName="Ss-Virtual-Machine" duration="00:00:00.0000019" startTime="2026-07-27T14:15:51.8697670+05:30" endTime="2026-07-27T14:15:51.8697860+05:30" testType="13cdc9d9-ddb5-4fa4-a97d-d965ccfc6d4b" outcome="Passed" testListId="8c84fa94-04c1-424b-9868-57a2d4851a1d" relativeResultsDirectory="2fc03f0b-04e7-4dbe-812a-6491a43480a9" />
    <UnitTestResult executionId="c1ebd2ce-43eb-4be1-945b-60602a0305db" testId="b7a0a022-4508-5f42-e17c-9c7b75f7d5e8" testName="TechieDesk.Tests.Updates.UpdatePreferencesTests.ReadingDoesNotPersistTheDefault" computerName="Ss-Virtual-Machine" duration="00:00:00.0003319" startTime="2026-07-27T14:15:51.9624410+05:30" endTime="2026-07-27T14:15:51.9624570+05:30" testType="13cdc9d9-ddb5-4fa4-a97d-d965ccfc6d4b" outcome="Passed" testListId="8c84fa94-04c1-424b-9868-57a2d4851a1d" relativeResultsDirectory="c1ebd2ce-43eb-4be1-945b-60602a0305db" />
    <UnitTestResult executionId="264e6183-bf82-45dd-8d7f-751622314b72" testId="9fb3d4fa-f139-236f-9e0b-508684088d06" testName="TechieDesk.Tests.SupportIssues.SupportAttachmentPolicyTests.AllowedTypesAreAccepted(fileName: &quot;photo.jpg&quot;)" computerName="Ss-Virtual-Machine" duration="00:00:00.0000013" startTime="2026-07-27T14:15:51.8319930+05:30" endTime="2026-07-27T14:15:51.8320080+05:30" testType="13cdc9d9-ddb5-4fa4-a97d-d965ccfc6d4b" outcome="Passed" testListId="8c84fa94-04c1-424b-9868-57a2d4851a1d" relativeResultsDirectory="264e6183-bf82-45dd-8d7f-751622314b72" />
    <UnitTestResult executionId="6ea146bc-bdb3-4479-9f04-97730697036d" testId="5443743f-5017-1da7-7600-5f18140dc593" testName="TechieDesk.Tests.Web.WebIngestionRequestTests.NonYouTubeAddressIsRefusedForAVideo" computerName="Ss-Virtual-Machine" duration="00:00:00.0000227" startTime="2026-07-27T14:15:51.8453540+05:30" endTime="2026-07-27T14:15:51.8453690+05:30" testType="13cdc9d9-ddb5-4fa4-a97d-d965ccfc6d4b" outcome="Passed" testListId="8c84fa94-04c1-424b-9868-57a2d4851a1d" relativeResultsDirectory="6ea146bc-bdb3-4479-9f04-97730697036d" />
    <UnitTestResult executionId="e82268fa-a2b7-4c99-befc-09742492b124" testId="3ab0e849-ab1f-87db-524b-13bfcd886e7d" testName="TechieDesk.Tests.Docker.DockerDaemonEndpointTests.RemoteTlsParsesAsEncryptedAndIsHandedToTheClientAsHttps" computerName="Ss-Virtual-Machine" duration="00:00:00.0000639" startTime="2026-07-27T14:15:51.8462900+05:30" endTime="2026-07-27T14:15:51.8463070+05:30" testType="13cdc9d9-ddb5-4fa4-a97d-d965ccfc6d4b" outcome="Passed" testListId="8c84fa94-04c1-424b-9868-57a2d4851a1d" relativeResultsDirectory="e82268fa-a2b7-4c99-befc-09742492b124" />
    <UnitTestResult executionId="76bc6336-5561-4d80-9a21-9c3ca169029d" testId="b8c8cb9d-bbf7-4615-10f6-291760583609" testName="TechieDesk.Tests.Web.WebIngestionServiceTests.CrawlStopsAtThePageBudgetTheFormCollected" computerName="Ss-Virtual-Machine" duration="00:00:00.5472672" startTime="2026-07-27T14:15:53.3170760+05:30" endTime="2026-07-27T14:15:53.8644820+05:30" testType="13cdc9d9-ddb5-4fa4-a97d-d965ccfc6d4b" outcome="Passed" testListId="8c84fa94-04c1-424b-9868-57a2d4851a1d" relativeResultsDirectory="76bc6336-5561-4d80-9a21-9c3ca169029d" />
    <UnitTestResult executionId="f7dab097-ec83-471f-b361-a7b148e06fa9" testId="1a3c4d9d-9e24-af59-1a33-bc5edf9b0b1d" testName="TechieDesk.Tests.SupportIssues.SupportIssueCatalogTests.UnknownServerValueIsShownVerbatim" computerName="Ss-Virtual-Machine" duration="00:00:00.0000194" startTime="2026-07-27T14:15:51.9940450+05:30" endTime="2026-07-27T14:15:51.9940630+05:30" testType="13cdc9d9-ddb5-4fa4-a97d-d965ccfc6d4b" outcome="Passed" testListId="8c84fa94-04c1-424b-9868-57a2d4851a1d" relativeResultsDirectory="f7dab097-ec83-471f-b361-a7b148e06fa9" />
    <UnitTestResult executionId="94a44907-2cf4-424e-8daa-67c70306c92d" testId="bd010ac4-eebd-398b-924b-739d892faf05" testName="TechieDesk.Tests.Docker.DockerContainerServiceTests.ConfiguredRemoteEndpointIsUsedWithVerificationOn" computerName="Ss-Virtual-Machine" duration="00:00:00.0002277" startTime="2026-07-27T14:15:51.9142820+05:30" endTime="2026-07-27T14:15:51.9143050+05:30" testType="13cdc9d9-ddb5-4fa4-a97d-d965ccfc6d4b" outcome="Passed" testListId="8c84fa94-04c1-424b-9868-57a2d4851a1d" relativeResultsDirectory="94a44907-2cf4-424e-8daa-67c70306c92d" />
    <UnitTestResult executionId="d8e6e7b9-9a17-400a-86d6-2683143be03e" testId="a17dbbd8-a50b-f11b-9fe8-f08af5d84943" testName="TechieDesk.Tests.Workspaces.UploadTypePolicyTests.RejectsLegacyBinaryOfficeTypes(fileName: &quot;old.ppt&quot;)" computerName="Ss-Virtual-Machine" duration="00:00:00.0000178" startTime="2026-07-27T14:15:51.8588020+05:30" endTime="2026-07-27T14:15:51.8588200+05:30" testType="13cdc9d9-ddb5-4fa4-a97d-d965ccfc6d4b" outcome="Passed" testListId="8c84fa94-04c1-424b-9868-57a2d4851a1d" relativeResultsDirectory="d8e6e7b9-9a17-400a-86d6-2683143be03e" />
    <UnitTestResult executionId="86abc8a2-7379-465a-a91b-109c68d25510" testId="7b715c46-69b3-fa7e-88bd-5c71d72340be" testName="TechieDesk.Tests.Agents.AgentTraceTests.StepsAreNumberedAndTimedInOrder" computerName="Ss-Virtual-Machine" duration="00:00:00.0019019" startTime="2026-07-27T14:15:51.8839260+05:30" endTime="2026-07-27T14:15:51.8854460+05:30" testType="13cdc9d9-ddb5-4fa4-a97d-d965ccfc6d4b" outcome="Passed" testListId="8c84fa94-04c1-424b-9868-57a2d4851a1d" relativeResultsDirectory="86abc8a2-7379-465a-a91b-109c68d25510" />
    <UnitTestResult executionId="90e14e66-8200-4a33-ba88-4ed308b8e575" testId="64e75be0-9699-2761-fc44-6af01e074782" testName="TechieDesk.Tests.Auth.SecretStoreSessionTests.ARestartMintsAFreshHandle" computerName="Ss-Virtual-Machine" duration="00:00:00.0000792" startTime="2026-07-27T14:15:51.8756970+05:30" endTime="2026-07-27T14:15:51.8757120+05:30" testType="13cdc9d9-ddb5-4fa4-a97d-d965ccfc6d4b" outcome="Passed" testListId="8c84fa94-04c1-424b-9868-57a2d4851a1d" relativeResultsDirectory="90e14e66-8200-4a33-ba88-4ed308b8e575" />
    <UnitTestResult executionId="15f8c0c1-f5a7-4a7d-84fe-ad572ebac07d" testId="50103a53-061f-1ca0-2334-0810f18dcb2d" testName="TechieDesk.Tests.Updates.ReleaseVersionTests.ParsesTheTagShapesTheWorkflowProduces(text: &quot;DESKTOP-V1.2.3&quot;, major: 1, minor: 2, patch: 3)" computerName="Ss-Virtual-Machine" duration="00:00:00.0000013" startTime="2026-07-27T14:15:51.8953140+05:30" endTime="2026-07-27T14:15:51.8953280+05:30" testType="13cdc9d9-ddb5-4fa4-a97d-d965ccfc6d4b" outcome="Passed" testListId="8c84fa94-04c1-424b-9868-57a2d4851a1d" relativeResultsDirectory="15f8c0c1-f5a7-4a7d-84fe-ad572ebac07d" />
    <UnitTestResult executionId="d307ab97-6581-4e01-999d-c6900f8269fc" testId="5f4e6e6a-95d9-96dc-fb14-8500f2ff8073" testName="TechieDesk.Tests.AppManager.RsaEncryptionTests.LoginEncryptsPassword" computerName="Ss-Virtual-Machine" duration="00:00:00.0250457" startTime="2026-07-27T14:15:51.9110760+05:30" endTime="2026-07-27T14:15:51.9361270+05:30" testType="13cdc9d9-ddb5-4fa4-a97d-d965ccfc6d4b" outcome="Passed" testListId="8c84fa94-04c1-424b-9868-57a2d4851a1d" relativeResultsDirectory="d307ab97-6581-4e01-999d-c6900f8269fc" />
    <UnitTestResult executionId="7d11fa7e-1194-4112-bdf4-53bd268d4d3b" testId="f112e932-8443-b3a8-c4cb-3662a749c54f" testName="TechieDesk.Tests.Updates.ReleaseFeedTests.ReportsATransportFailure" computerName="Ss-Virtual-Machine" duration="00:00:00.0003560" startTime="2026-07-27T14:15:51.8762340+05:30" endTime="2026-07-27T14:15:51.8764480+05:30" testType="13cdc9d9-ddb5-4fa4-a97d-d965ccfc6d4b" outcome="Passed" testListId="8c84fa94-04c1-424b-9868-57a2d4851a1d" relativeResultsDirectory="7d11fa7e-1194-4112-bdf4-53bd268d4d3b" />
    <UnitTestResult executionId="eef97b62-1af9-4054-8dd6-54c847c24a46" testId="c310d36b-ff7d-0a1f-594d-a4a74ebbbaf8" testName="TechieDesk.Tests.Threads.ThreadExporterTests.JsonIsValidAndPreservesMessagesAndSources" computerName="Ss-Virtual-Machine" duration="00:00:00.0004767" startTime="2026-07-27T14:15:52.1412180+05:30" endTime="2026-07-27T14:15:52.1415950+05:30" testType="13cdc9d9-ddb5-4fa4-a97d-d965ccfc6d4b" outcome="Passed" testListId="8c84fa94-04c1-424b-9868-57a2d4851a1d" relativeResultsDirectory="eef97b62-1af9-4054-8dd6-54c847c24a46" />
    <UnitTestResult executionId="269e0dba-2907-49d0-94a5-6e7b8c914c7a" testId="6c2b4222-e616-2208-5f92-66662c1ce5e5" testName="TechieDesk.Tests.AppManager.BillingWireContractTests.PromoCodeRejectionsMapToDistinctErrors(wireCode: &quot;PROMO_CODE_NOT_FOUND&quot;, expected: PromoCodeNotFound)" computerName="Ss-Virtual-Machine" duration="00:00:00.0136245" startTime="2026-07-27T14:15:51.8335680+05:30" endTime="2026-07-27T14:15:51.8467100+05:30" testType="13cdc9d9-ddb5-4fa4-a97d-d965ccfc6d4b" outcome="Passed" testListId="8c84fa94-04c1-424b-9868-57a2d4851a1d" relativeResultsDirectory="269e0dba-2907-49d0-94a5-6e7b8c914c7a" />
    <UnitTestResult executionId="44092444-1015-47bf-aaa2-8f1ee5045eea" testId="6a6ebe6c-6ac2-f556-e814-fb41c795abd9" testName="TechieDesk.Tests.SupportIssues.SupportWireContractTests.ListIssuesSendsStatusFilterAsAPrefixedParam" computerName="Ss-Virtual-Machine" duration="00:00:00.0001658" startTime="2026-07-27T14:15:52.1200350+05:30" endTime="2026-07-27T14:15:52.1202000+05:30" testType="13cdc9d9-ddb5-4fa4-a97d-d965ccfc6d4b" outcome="Passed" testListId="8c84fa94-04c1-424b-9868-57a2d4851a1d" relativeResultsDirectory="44092444-1015-47bf-aaa2-8f1ee5045eea" />
    <UnitTestResult executionId="ca448be3-02c1-4f6c-8612-634b64be14d6" testId="beaced89-eae0-ccae-b9d7-81cbec9208bf" testName="TechieDesk.Tests.Workspaces.ChatTurnScopeTests.ChosenDocumentsScopeCannotReachOutsideTheWorkspace" computerName="Ss-Virtual-Machine" duration="00:00:00.0370925" startTime="2026-07-27T14:15:52.3380150+05:30" endTime="2026-07-27T14:15:52.3749680+05:30" testType="13cdc9d9-ddb5-4fa4-a97d-d965ccfc6d4b" outcome="Passed" testListId="8c84fa94-04c1-424b-9868-57a2d4851a1d" relativeResultsDirectory="ca448be3-02c1-4f6c-8612-634b64be14d6" />
    <UnitTestResult executionId="6f2564d9-0824-4a3a-b517-0f3bacfdd389" testId="1989a8a4-28ec-5f24-44dd-4ed2041341c3" testName="TechieDesk.Tests.Workspaces.UploadTypePolicyTests.AcceptsSupportedTypes(fileName: &quot;readme.txt&quot;)" computerName="Ss-Virtual-Machine" duration="00:00:00.0000007" startTime="2026-07-27T14:15:51.8581510+05:30" endTime="2026-07-27T14:15:51.8581660+05:30" testType="13cdc9d9-ddb5-4fa4-a97d-d965ccfc6d4b" outcome="Passed" testListId="8c84fa94-04c1-424b-9868-57a2d4851a1d" relativeResultsDirectory="6f2564d9-0824-4a3a-b517-0f3bacfdd389" />
    <UnitTestResult executionId="66ef5481-1aa6-4dd3-9915-72277e5dcf85" testId="edcaf405-99a5-20e8-1e91-740f00831c1d" testName="TechieDesk.Tests.SupportIssues.SupportAttachmentStoreTests.SameNameTwiceKeepsBothFiles" computerName="Ss-Virtual-Machine" duration="00:00:00.0046924" startTime="2026-07-27T14:15:51.9944790+05:30" endTime="2026-07-27T14:15:51.9993930+05:30" testType="13cdc9d9-ddb5-4fa4-a97d-d965ccfc6d4b" outcome="Passed" testListId="8c84fa94-04c1-424b-9868-57a2d4851a1d" relativeResultsDirectory="66ef5481-1aa6-4dd3-9915-72277e5dcf85" />
    <UnitTestResult executionId="76efea28-4f51-4ae3-b004-77b52ee4ca3e" testId="56dc3837-dba9-387b-d1ea-881ad7c8ed2c" testName="TechieDesk.Tests.SupportIssues.SupportAttachmentStoreTests.EmptyStreamIsRefused" computerName="Ss-Virtual-Machine" duration="00:00:00.0012067" startTime="2026-07-27T14:15:52.1501380+05:30" endTime="2026-07-27T14:15:52.1512740+05:30" testType="13cdc9d9-ddb5-4fa4-a97d-d965ccfc6d4b" outcome="Passed" testListId="8c84fa94-04c1-424b-9868-57a2d4851a1d" relativeResultsDirectory="76efea28-4f51-4ae3-b004-77b52ee4ca3e" />
    <UnitTestResult executionId="376195dd-ef53-497f-b76b-e9c0eefe5923" testId="cf35a799-1613-ea1e-f345-b5229257fcde" testName="TechieDesk.Tests.Licensing.LicenseCachePersistenceTests.PersistedCacheDegradesAfterTheGraceWindow" computerName="Ss-Virtual-Machine" duration="00:00:00.0044149" startTime="2026-07-27T14:15:51.9757920+05:30" endTime="2026-07-27T14:15:51.9801740+05:30" testType="13cdc9d9-ddb5-4fa4-a97d-d965ccfc6d4b" outcome="Passed" testListId="8c84fa94-04c1-424b-9868-57a2d4851a1d" relativeResultsDirectory="376195dd-ef53-497f-b76b-e9c0eefe5923" />
    <UnitTestResult executionId="5d61bf27-6c58-4736-8d86-279be8978014" testId="582b749f-9a09-59f9-692c-2db63fdd875a" testName="TechieDesk.Tests.AppManager.PromoCodeValidatorTests.RejectsEmptyInput(input: &quot;&quot;)" computerName="Ss-Virtual-Machine" duration="00:00:00.0000675" startTime="2026-07-27T14:15:51.9676160+05:30" endTime="2026-07-27T14:15:51.9676310+05:30" testType="13cdc9d9-ddb5-4fa4-a97d-d965ccfc6d4b" outcome="Passed" testListId="8c84fa94-04c1-424b-9868-57a2d4851a1d" relativeResultsDirectory="5d61bf27-6c58-4736-8d86-279be8978014" />
    <UnitTestResult executionId="6f951522-364e-4b14-8399-9dec475cf6e6" testId="bb5240de-dfc5-ad94-a872-a058a353f291" testName="TechieDesk.Tests.Agents.AgentRegistryPersistenceTests.DeletingRemovesTheAgentAndItsSkillRows" computerName="Ss-Virtual-Machine" duration="00:00:00.0594335" startTime="2026-07-27T14:15:52.2039130+05:30" endTime="2026-07-27T14:15:52.2633500+05:30" testType="13cdc9d9-ddb5-4fa4-a97d-d965ccfc6d4b" outcome="Passed" testListId="8c84fa94-04c1-424b-9868-57a2d4851a1d" relativeResultsDirectory="6f951522-364e-4b14-8399-9dec475cf6e6" />
    <UnitTestResult executionId="b626604c-9fa2-47e3-8a54-efb1ba982fa5" testId="8b74ca65-a17f-8160-3550-66df687811cc" testName="TechieDesk.Tests.Threads.ChatHistoryTrimmerTests.KeepsHistoryEndingOnAssistantTurn" computerName="Ss-Virtual-Machine" duration="00:00:00.0000636" startTime="2026-07-27T14:15:51.8793420+05:30" endTime="2026-07-27T14:15:51.8793580+05:30" testType="13cdc9d9-ddb5-4fa4-a97d-d965ccfc6d4b" outcome="Passed" testListId="8c84fa94-04c1-424b-9868-57a2d4851a1d" relativeResultsDirectory="b626604c-9fa2-47e3-8a54-efb1ba982fa5" />
    <UnitTestResult executionId="3424f592-06d6-4eda-b63f-d51a3404999a" testId="58d10936-5404-fe6c-4d24-4bcf865f599b" testName="TechieDesk.Tests.Threads.ThreadExporterTests.MessageWithoutSourcesOmitsSourcesBlock" computerName="Ss-Virtual-Machine" duration="00:00:00.0013882" startTime="2026-07-27T14:15:52.1397600+05:30" endTime="2026-07-27T14:15:52.1411260+05:30" testType="13cdc9d9-ddb5-4fa4-a97d-d965ccfc6d4b" outcome="Passed" testListId="8c84fa94-04c1-424b-9868-57a2d4851a1d" relativeResultsDirectory="3424f592-06d6-4eda-b63f-d51a3404999a" />
    <UnitTestResult executionId="50228ddf-6925-4605-85c7-10dcf00a5134" testId="da632f34-8805-b77f-b3ef-3b326978bf6f" testName="TechieDesk.Tests.Storage.DataStorageInspectorTests.VolumeShareIsAPercentageOfTheVolume" computerName="Ss-Virtual-Machine" duration="00:00:00.0015809" startTime="2026-07-27T14:15:51.9010310+05:30" endTime="2026-07-27T14:15:51.9024880+05:30" testType="13cdc9d9-ddb5-4fa4-a97d-d965ccfc6d4b" outcome="Passed" testListId="8c84fa94-04c1-424b-9868-57a2d4851a1d" relativeResultsDirectory="50228ddf-6925-4605-85c7-10dcf00a5134" />
    <UnitTestResult executionId="f872f763-2b5a-49f4-828a-26b28a53b625" testId="b0ce80ec-e83a-261b-c7c6-b2d2dde3eb0a" testName="TechieDesk.Tests.Updates.ReleaseVersionTests.RejectsWhatIsNotAVersion(text: &quot;   &quot;)" computerName="Ss-Virtual-Machine" duration="00:00:00.0000004" startTime="2026-07-27T14:15:51.8946000+05:30" endTime="2026-07-27T14:15:51.8946180+05:30" testType="13cdc9d9-ddb5-4fa4-a97d-d965ccfc6d4b" outcome="Passed" testListId="8c84fa94-04c1-424b-9868-57a2d4851a1d" relativeResultsDirectory="f872f763-2b5a-49f4-828a-26b28a53b625" />
    <UnitTestResult executionId="7415c346-f88d-4049-8928-4f70f8838ef3" testId="0163db03-f5bf-909f-598c-699e94967fcd" testName="TechieDesk.Tests.Storage.DataStorageInspectorTests.VolumeShareIsZeroWhenTheVolumeSizeIsUnknown" computerName="Ss-Virtual-Machine" duration="00:00:00.0001339" startTime="2026-07-27T14:15:51.9029490+05:30" endTime="2026-07-27T14:15:51.9029780+05:30" testType="13cdc9d9-ddb5-4fa4-a97d-d965ccfc6d4b" outcome="Passed" testListId="8c84fa94-04c1-424b-9868-57a2d4851a1d" relativeResultsDirectory="7415c346-f88d-4049-8928-4f70f8838ef3" />
    <UnitTestResult executionId="68cf6cd1-4887-4616-a7c6-8a84ecfd793d" testId="3039c54c-f2c5-d20d-4673-4fd88cf9a560" testName="TechieDesk.Tests.SupportIssues.SupportAttachmentPolicyTests.DoubleExtensionIsJudgedOnTheFinalExtension" computerName="Ss-Virtual-Machine" duration="00:00:00.0000301" startTime="2026-07-27T14:15:51.8321730+05:30" endTime="2026-07-27T14:15:51.8321910+05:30" testType="13cdc9d9-ddb5-4fa4-a97d-d965ccfc6d4b" outcome="Passed" testListId="8c84fa94-04c1-424b-9868-57a2d4851a1d" relativeResultsDirectory="68cf6cd1-4887-4616-a7c6-8a84ecfd793d" />
    <UnitTestResult executionId="18de90b4-e199-4e00-b9b1-44ebc0e33eb7" testId="1d6c121b-2a0b-8a48-5c23-c65f2e19c875" testName="TechieDesk.Tests.Web.WebIngestionRequestTests.SinglePageIgnoresCrawlBounds" computerName="Ss-Virtual-Machine" duration="00:00:00.0000285" startTime="2026-07-27T14:15:51.8450770+05:30" endTime="2026-07-27T14:15:51.8450910+05:30" testType="13cdc9d9-ddb5-4fa4-a97d-d965ccfc6d4b" outcome="Passed" testListId="8c84fa94-04c1-424b-9868-57a2d4851a1d" relativeResultsDirectory="18de90b4-e199-4e00-b9b1-44ebc0e33eb7" />
    <UnitTestResult executionId="7858baeb-e427-4593-bd6e-46b97a88860a" testId="e6143cbd-f148-8472-4cee-31628d4ed660" testName="TechieDesk.Tests.Agents.AgentSkillResolverTests.RevokingACatalogueSkillTakesEffectImmediately" computerName="Ss-Virtual-Machine" duration="00:00:00.0008022" startTime="2026-07-27T14:15:51.8809930+05:30" endTime="2026-07-27T14:15:51.8818730+05:30" testType="13cdc9d9-ddb5-4fa4-a97d-d965ccfc6d4b" outcome="Passed" testListId="8c84fa94-04c1-424b-9868-57a2d4851a1d" relativeResultsDirectory="7858baeb-e427-4593-bd6e-46b97a88860a" />
    <UnitTestResult executionId="b51675b7-1b91-4c4d-8f66-31d776bd47ef" testId="b035bca9-4582-b58e-4f2c-4e7b57118341" testName="TechieDesk.Tests.AppManager.TransportSecurityTests.LoopbackCleartextIsAllowedInDevelopmentOnly(baseUrl: &quot;http://127.0.0.1:5101&quot;)" computerName="Ss-Virtual-Machine" duration="00:00:00.0002611" startTime="2026-07-27T14:15:51.8889550+05:30" endTime="2026-07-27T14:15:51.8889720+05:30" testType="13cdc9d9-ddb5-4fa4-a97d-d965ccfc6d4b" outcome="Passed" testListId="8c84fa94-04c1-424b-9868-57a2d4851a1d" relativeResultsDirectory="b51675b7-1b91-4c4d-8f66-31d776bd47ef" />
    <UnitTestResult executionId="05508dfc-0cfb-42cc-8351-28c28dbcbfb7" testId="e1316bbb-e22d-9346-1300-963a822dff53" testName="TechieDesk.Tests.Storage.DataStorageInspectorTests.AbsentDirectoryIsReportedRatherThanThrowing" computerName="Ss-Virtual-Machine" duration="00:00:00.0002155" startTime="2026-07-27T14:15:51.9054790+05:30" endTime="2026-07-27T14:15:51.9055130+05:30" testType="13cdc9d9-ddb5-4fa4-a97d-d965ccfc6d4b" outcome="Passed" testListId="8c84fa94-04c1-424b-9868-57a2d4851a1d" relativeResultsDirectory="05508dfc-0cfb-42cc-8351-28c28dbcbfb7" />
    <UnitTestResult executionId="a6c33045-bf98-43b2-9029-a3ff2f7a4390" testId="6b8f0273-b4a4-b00c-aa97-c03865e44a8e" testName="TechieDesk.Tests.Agents.AgentMentionTests.HandleIsNormalizedToLowercase" computerName="Ss-Virtual-Machine" duration="00:00:00.0000816" startTime="2026-07-27T14:15:52.1348170+05:30" endTime="2026-07-27T14:15:52.1348320+05:30" testType="13cdc9d9-ddb5-4fa4-a97d-d965ccfc6d4b" outcome="Passed" testListId="8c84fa94-04c1-424b-9868-57a2d4851a1d" relativeResultsDirectory="a6c33045-bf98-43b2-9029-a3ff2f7a4390" />
    <UnitTestResult executionId="d6f7484b-fef6-44df-9715-827918b971d8" testId="e0d4f07a-a22d-3144-ae19-e07325e79688" testName="TechieDesk.Tests.Updates.UpdatePreferencesTests.StoredChoiceOverridesTheDefault" computerName="Ss-Virtual-Machine" duration="00:00:00.0027413" startTime="2026-07-27T14:15:51.9653210+05:30" endTime="2026-07-27T14:15:51.9673860+05:30" testType="13cdc9d9-ddb5-4fa4-a97d-d965ccfc6d4b" outcome="Passed" testListId="8c84fa94-04c1-424b-9868-57a2d4851a1d" relativeResultsDirectory="d6f7484b-fef6-44df-9715-827918b971d8" />
    <UnitTestResult executionId="25759163-4fdd-4e0b-af46-489218c799bc" testId="d8e91f73-18e1-363c-1f9a-ec9fc3d24927" testName="TechieDesk.Tests.Docker.DockerContainerServiceTests.UnavailableDaemonAlwaysLeavesAReason" computerName="Ss-Virtual-Machine" duration="00:00:00.0067047" startTime="2026-07-27T14:15:51.9167240+05:30" endTime="2026-07-27T14:15:51.9244050+05:30" testType="13cdc9d9-ddb5-4fa4-a97d-d965ccfc6d4b" outcome="Passed" testListId="8c84fa94-04c1-424b-9868-57a2d4851a1d" relativeResultsDirectory="25759163-4fdd-4e0b-af46-489218c799bc" />
    <UnitTestResult executionId="c8fc1b44-1077-45ab-8dc0-57ad7b4ac2a2" testId="ff8cc5f2-544f-4899-23a8-ec1b283a504b" testName="TechieDesk.Tests.Auth.SecretStoreSessionTests.ClearingTheSessionRemovesTheStoredCopy" computerName="Ss-Virtual-Machine" duration="00:00:00.0000593" startTime="2026-07-27T14:15:51.8756470+05:30" endTime="2026-07-27T14:15:51.8756620+05:30" testType="13cdc9d9-ddb5-4fa4-a97d-d965ccfc6d4b" outcome="Passed" testListId="8c84fa94-04c1-424b-9868-57a2d4851a1d" relativeResultsDirectory="c8fc1b44-1077-45ab-8dc0-57ad7b4ac2a2" />
    <UnitTestResult executionId="82520f01-4d23-4e05-9d51-420b4f1e53f5" testId="2f629271-4021-8fd1-5335-7653569174dd" testName="TechieDesk.Tests.AppManager.WireContractTests.BearerTokenSentOnAuthenticatedCalls" computerName="Ss-Virtual-Machine" duration="00:00:00.0002414" startTime="2026-07-27T14:15:52.1886880+05:30" endTime="2026-07-27T14:15:52.1888660+05:30" testType="13cdc9d9-ddb5-4fa4-a97d-d965ccfc6d4b" outcome="Passed" testListId="8c84fa94-04c1-424b-9868-57a2d4851a1d" relativeResultsDirectory="82520f01-4d23-4e05-9d51-420b4f1e53f5" />
    <UnitTestResult executionId="fad7c76c-274d-4a8b-adab-f1b3fe0e99be" testId="d7f4ba55-1eb2-22d5-bb4a-22e0d39cc1fe" testName="TechieDesk.Tests.Agents.AgentSkillResolverTests.ForbiddenSkillIsDescribedAsBlockedNotHidden" computerName="Ss-Virtual-Machine" duration="00:00:00.0002022" startTime="2026-07-27T14:15:51.8960320+05:30" endTime="2026-07-27T14:15:51.8960470+05:30" testType="13cdc9d9-ddb5-4fa4-a97d-d965ccfc6d4b" outcome="Passed" testListId="8c84fa94-04c1-424b-9868-57a2d4851a1d" relativeResultsDirectory="fad7c76c-274d-4a8b-adab-f1b3fe0e99be" />
    <UnitTestResult executionId="45ba21fc-36da-47b1-bb7b-c7e24bea33fc" testId="f577b3e2-4234-6fb3-4282-b867eb644f0b" testName="TechieDesk.Tests.Licensing.LicenseServiceTests.ServerErrorFallsBackToCache" computerName="Ss-Virtual-Machine" duration="00:00:00.0023441" startTime="2026-07-27T14:15:51.9069890+05:30" endTime="2026-07-27T14:15:51.9093260+05:30" testType="13cdc9d9-ddb5-4fa4-a97d-d965ccfc6d4b" outcome="Passed" testListId="8c84fa94-04c1-424b-9868-57a2d4851a1d" relativeResultsDirectory="45ba21fc-36da-47b1-bb7b-c7e24bea33fc" />
    <UnitTestResult executionId="fae8cee9-975b-4589-ba5f-4c4ff1dbb9b5" testId="fa226bd9-a8e2-e087-6f9d-42cb6eef60e2" testName="TechieDesk.Tests.AppManager.ErrorMappingTests.KnownCodesMapToEnum(wireCode: &quot;APP_ID_MISMATCH&quot;, expected: AppIdMismatch)" computerName="Ss-Virtual-Machine" duration="00:00:00.0000011" startTime="2026-07-27T14:15:51.8741790+05:30" endTime="2026-07-27T14:15:51.8741930+05:30" testType="13cdc9d9-ddb5-4fa4-a97d-d965ccfc6d4b" outcome="Passed" testListId="8c84fa94-04c1-424b-9868-57a2d4851a1d" relativeResultsDirectory="fae8cee9-975b-4589-ba5f-4c4ff1dbb9b5" />
    <UnitTestResult executionId="9f8abdb3-6094-4e7e-a17e-060e8f1742f1" testId="d8a8d4fd-0fdc-7d5d-1e24-a9961ce0f6bf" testName="TechieDesk.Tests.SupportIssues.SupportIssueCatalogTests.EverySixIssueTypesAreOffered" computerName="Ss-Virtual-Machine" duration="00:00:00.0002456" startTime="2026-07-27T14:15:51.9937550+05:30" endTime="2026-07-27T14:15:51.9939180+05:30" testType="13cdc9d9-ddb5-4fa4-a97d-d965ccfc6d4b" outcome="Passed" testListId="8c84fa94-04c1-424b-9868-57a2d4851a1d" relativeResultsDirectory="9f8abdb3-6094-4e7e-a17e-060e8f1742f1" />
    <UnitTestResult executionId="ca54ab53-b201-484c-bc40-81cb36e62782" testId="1390c18b-351e-f8e1-c359-c9b21e7e81bb" testName="TechieDesk.Tests.AppManager.WireContractTests.LoginUsesAPrefixedApplicationIdParam" computerName="Ss-Virtual-Machine" duration="00:00:00.0302360" startTime="2026-07-27T14:15:52.1571530+05:30" endTime="2026-07-27T14:15:52.1872610+05:30" testType="13cdc9d9-ddb5-4fa4-a97d-d965ccfc6d4b" outcome="Passed" testListId="8c84fa94-04c1-424b-9868-57a2d4851a1d" relativeResultsDirectory="ca54ab53-b201-484c-bc40-81cb36e62782" />
    <UnitTestResult executionId="61a2b90a-def0-4849-8a24-6453549f454b" testId="26672a6e-f43b-669e-8443-cae01d57199f" testName="TechieDesk.Tests.Auth.PasswordPolicyTests.RejectsNonCompliantPasswords(password: &quot;Password!&quot;)" computerName="Ss-Virtual-Machine" duration="00:00:00.0000007" startTime="2026-07-27T14:15:51.9618290+05:30" endTime="2026-07-27T14:15:51.9618450+05:30" testType="13cdc9d9-ddb5-4fa4-a97d-d965ccfc6d4b" outcome="Passed" testListId="8c84fa94-04c1-424b-9868-57a2d4851a1d" relativeResultsDirectory="61a2b90a-def0-4849-8a24-6453549f454b" />
    <UnitTestResult executionId="7caab11b-8334-4f23-acf8-1e74384dae47" testId="bbe778bb-ba50-39d4-fbfe-2c9d75a78b6c" testName="TechieDesk.Tests.SupportIssues.SupportAttachmentStoreTests.StagedBytesRoundTrip" computerName="Ss-Virtual-Machine" duration="00:00:00.0480760" startTime="2026-07-27T14:15:52.0986370+05:30" endTime="2026-07-27T14:15:52.1465580+05:30" testType="13cdc9d9-ddb5-4fa4-a97d-d965ccfc6d4b" outcome="Passed" testListId="8c84fa94-04c1-424b-9868-57a2d4851a1d" relativeResultsDirectory="7caab11b-8334-4f23-acf8-1e74384dae47" />
    <UnitTestResult executionId="40d06ce5-3774-4aee-b44d-0d499ec267aa" testId="ba027c04-16fa-8e96-3399-9c5b321178ae" testName="TechieDesk.Tests.Auth.SecretStoreSessionTests.SignOutRemovesTheStoredSession" computerName="Ss-Virtual-Machine" duration="00:00:00.0000543" startTime="2026-07-27T14:15:51.8757460+05:30" endTime="2026-07-27T14:15:51.8757610+05:30" testType="13cdc9d9-ddb5-4fa4-a97d-d965ccfc6d4b" outcome="Passed" testListId="8c84fa94-04c1-424b-9868-57a2d4851a1d" relativeResultsDirectory="40d06ce5-3774-4aee-b44d-0d499ec267aa" />
    <UnitTestResult executionId="fb369d36-f791-4e5a-b026-5fe2e79942e9" testId="07827d88-0b51-f9d6-2fdf-3a08bb1222d6" testName="TechieDesk.Tests.Agents.AgentMentionTests.DegenerateInputIsNotAMention(text: &quot;@&quot;)" computerName="Ss-Virtual-Machine" duration="00:00:00.0000925" startTime="2026-07-27T14:15:52.1340320+05:30" endTime="2026-07-27T14:15:52.1340540+05:30" testType="13cdc9d9-ddb5-4fa4-a97d-d965ccfc6d4b" outcome="Passed" testListId="8c84fa94-04c1-424b-9868-57a2d4851a1d" relativeResultsDirectory="fb369d36-f791-4e5a-b026-5fe2e79942e9" />
    <UnitTestResult executionId="949ab067-de77-46a7-8ef1-d00c2d92eb8f" testId="a020a97a-9e61-b529-707c-dd7d75271ebf" testName="TechieDesk.Tests.Agents.AgentMentionTests.NormalizeStripsTheAtSignAndCase(input: null, expected: &quot;&quot;)" computerName="Ss-Virtual-Machine" duration="00:00:00.0000010" startTime="2026-07-27T14:15:52.1346880+05:30" endTime="2026-07-27T14:15:52.1347190+05:30" testType="13cdc9d9-ddb5-4fa4-a97d-d965ccfc6d4b" outcome="Passed" testListId="8c84fa94-04c1-424b-9868-57a2d4851a1d" relativeResultsDirectory="949ab067-de77-46a7-8ef1-d00c2d92eb8f" />
    <UnitTestResult executionId="1a13f712-27f3-4b25-b552-06ec1f053f36" testId="3aa751d6-eb28-38c9-ceab-3b772a2927ed" testName="TechieDesk.Tests.Agents.AgentMentionTests.OverlongHandleIsRejected" computerName="Ss-Virtual-Machine" duration="00:00:00.0000240" startTime="2026-07-27T14:15:52.1354090+05:30" endTime="2026-07-27T14:15:52.1354240+05:30" testType="13cdc9d9-ddb5-4fa4-a97d-d965ccfc6d4b" outcome="Passed" testListId="8c84fa94-04c1-424b-9868-57a2d4851a1d" relativeResultsDirectory="1a13f712-27f3-4b25-b552-06ec1f053f36" />
    <UnitTestResult executionId="674e3d5c-a86e-43a4-9d45-dbbfdf15556f" testId="5ba2f439-3793-1a52-b46b-8025c3165cc6" testName="TechieDesk.Tests.Updates.ReleaseFeedTests.ReportsAnErrorStatus(status: NotFound)" computerName="Ss-Virtual-Machine" duration="00:00:00.0002464" startTime="2026-07-27T14:15:51.8751270+05:30" endTime="2026-07-27T14:15:51.8751420+05:30" testType="13cdc9d9-ddb5-4fa4-a97d-d965ccfc6d4b" outcome="Passed" testListId="8c84fa94-04c1-424b-9868-57a2d4851a1d" relativeResultsDirectory="674e3d5c-a86e-43a4-9d45-dbbfdf15556f" />
    <UnitTestResult executionId="c04dcec6-3663-4b7d-b326-6cb5a473e5b5" testId="abd1dd8c-08d1-ccdf-9ea1-66268040038e" testName="TechieDesk.Tests.Web.WebIngestionRequestTests.PrivateNetworkTargetsAreRefusedByDefault(candidate: &quot;http://router.local/&quot;)" computerName="Ss-Virtual-Machine" duration="00:00:00.0000014" startTime="2026-07-27T14:15:51.8404120+05:30" endTime="2026-07-27T14:15:51.8404290+05:30" testType="13cdc9d9-ddb5-4fa4-a97d-d965ccfc6d4b" outcome="Passed" testListId="8c84fa94-04c1-424b-9868-57a2d4851a1d" relativeResultsDirectory="c04dcec6-3663-4b7d-b326-6cb5a473e5b5" />
    <UnitTestResult executionId="590d7963-1f52-4a6e-812c-838e1481aba2" testId="1b8b6bc7-9213-f6ef-d1c8-ce401bd5b328" testName="TechieDesk.Tests.AppManager.BillingWireContractTests.LicenseTypesTreatNoDataAsEmptyCatalogue" computerName="Ss-Virtual-Machine" duration="00:00:00.0010321" startTime="2026-07-27T14:15:51.8473360+05:30" endTime="2026-07-27T14:15:51.8480670+05:30" testType="13cdc9d9-ddb5-4fa4-a97d-d965ccfc6d4b" outcome="Passed" testListId="8c84fa94-04c1-424b-9868-57a2d4851a1d" relativeResultsDirectory="590d7963-1f52-4a6e-812c-838e1481aba2" />
    <UnitTestResult executionId="d673d9d2-9ae9-4729-9ddd-c33fbb096135" testId="57755cad-a657-8303-9aca-d429418bd738" testName="TechieDesk.Tests.Workspaces.ChatTurnScopeTests.PerTurnModelReachesTheProviderForOneTurnOnly" computerName="Ss-Virtual-Machine" duration="00:00:00.0479063" startTime="2026-07-27T14:15:52.1371090+05:30" endTime="2026-07-27T14:15:52.1850270+05:30" testType="13cdc9d9-ddb5-4fa4-a97d-d965ccfc6d4b" outcome="Passed" testListId="8c84fa94-04c1-424b-9868-57a2d4851a1d" relativeResultsDirectory="d673d9d2-9ae9-4729-9ddd-c33fbb096135" />
    <UnitTestResult executionId="7a1aac8b-013b-4279-b412-a5b42628751b" testId="2ce3568d-c5b4-28b6-cafc-84e53c4eee6c" testName="TechieDesk.Tests.Settings.LlmConfigValidationTests.EveryConfiguredProviderRequiresAModel(source: OpenAICompatible)" computerName="Ss-Virtual-Machine" duration="00:00:00.0002945" startTime="2026-07-27T14:15:51.9982220+05:30" endTime="2026-07-27T14:15:51.9985190+05:30" testType="13cdc9d9-ddb5-4fa4-a97d-d965ccfc6d4b" outcome="Passed" testListId="8c84fa94-04c1-424b-9868-57a2d4851a1d" relativeResultsDirectory="7a1aac8b-013b-4279-b412-a5b42628751b" />
    <UnitTestResult executionId="b3a47bf0-5b62-4734-a800-a9be35b4b31b" testId="0fc7c87b-1013-89d4-6ca6-0ae2e569c47b" testName="TechieDesk.Tests.Auth.SecretStoreSessionTests.AnUnreadableStoredSessionIsDiscarded" computerName="Ss-Virtual-Machine" duration="00:00:00.0000592" startTime="2026-07-27T14:15:51.8761310+05:30" endTime="2026-07-27T14:15:51.8761490+05:30" testType="13cdc9d9-ddb5-4fa4-a97d-d965ccfc6d4b" outcome="Passed" testListId="8c84fa94-04c1-424b-9868-57a2d4851a1d" relativeResultsDirectory="b3a47bf0-5b62-4734-a800-a9be35b4b31b" />
    <UnitTestResult executionId="4dfedf23-2fc6-4747-8a09-bca4c750bdf0" testId="1bc55511-c4d0-f36f-f525-68b673a1d554" testName="TechieDesk.Tests.Storage.DataStorageInspectorTests.KnownArtefactsNameTheFilesTheAppWrites" computerName="Ss-Virtual-Machine" duration="00:00:00.0003029" startTime="2026-07-27T14:15:51.9025610+05:30" endTime="2026-07-27T14:15:51.9028830+05:30" testType="13cdc9d9-ddb5-4fa4-a97d-d965ccfc6d4b" outcome="Passed" testListId="8c84fa94-04c1-424b-9868-57a2d4851a1d" relativeResultsDirectory="4dfedf23-2fc6-4747-8a09-bca4c750bdf0" />
    <UnitTestResult executionId="49de648c-5687-420e-bd67-8efba6277d69" testId="7ab6ed1d-f3cc-b74a-785f-53967c59254c" testName="TechieDesk.Tests.Docker.DockerContainerServiceTests.TlsHandshakeFailureIsDescribedAsATrustProblem" computerName="Ss-Virtual-Machine" duration="00:00:00.0000984" startTime="2026-07-27T14:15:51.9244560+05:30" endTime="2026-07-27T14:15:51.9245070+05:30" testType="13cdc9d9-ddb5-4fa4-a97d-d965ccfc6d4b" outcome="Passed" testListId="8c84fa94-04c1-424b-9868-57a2d4851a1d" relativeResultsDirectory="49de648c-5687-420e-bd67-8efba6277d69" />
    <UnitTestResult executionId="4969a46a-5502-43e9-b29e-a62c61054b41" testId="a462458e-e34e-d714-3960-a8e15c64f81d" testName="TechieDesk.Tests.ConfigEncryptionTests.AlreadyEncryptedValuesAreNotEncryptedTwice" computerName="Ss-Virtual-Machine" duration="00:00:00.0096573" startTime="2026-07-27T14:15:52.0236910+05:30" endTime="2026-07-27T14:15:52.0333520+05:30" testType="13cdc9d9-ddb5-4fa4-a97d-d965ccfc6d4b" outcome="Passed" testListId="8c84fa94-04c1-424b-9868-57a2d4851a1d" relativeResultsDirectory="4969a46a-5502-43e9-b29e-a62c61054b41" />
    <UnitTestResult executionId="5fe88449-8958-46bc-a9a8-d4e1b45415fe" testId="e95971e7-273a-3e84-5253-414756b1ad64" testName="TechieDesk.Tests.Data.DataDirectoryTests.LegacyDataDirectoryRelocatesLosingNothing" computerName="Ss-Virtual-Machine" duration="00:00:00.0033030" startTime="2026-07-27T14:15:51.8358540+05:30" endTime="2026-07-27T14:15:51.8394550+05:30" testType="13cdc9d9-ddb5-4fa4-a97d-d965ccfc6d4b" outcome="Passed" testListId="8c84fa94-04c1-424b-9868-57a2d4851a1d" relativeResultsDirectory="5fe88449-8958-46bc-a9a8-d4e1b45415fe" />
    <UnitTestResult executionId="6fd53216-b6ac-46d1-9744-4881dee73689" testId="518d986f-6e16-853d-f3fc-12d1f4f0b5c8" testName="TechieDesk.Tests.Agents.AgentRegistryPersistenceTests.BuiltInAgentExistsWithoutASeedRow" computerName="Ss-Virtual-Machine" duration="00:00:00.0130614" startTime="2026-07-27T14:15:52.4875470+05:30" endTime="2026-07-27T14:15:52.5005980+05:30" testType="13cdc9d9-ddb5-4fa4-a97d-d965ccfc6d4b" outcome="Passed" testListId="8c84fa94-04c1-424b-9868-57a2d4851a1d" relativeResultsDirectory="6fd53216-b6ac-46d1-9744-4881dee73689" />
    <UnitTestResult executionId="ec66485f-f67c-4ea3-a8bb-8ed89a5ebdf3" testId="78b9530b-b3bf-8fa7-859f-d114caafbdf1" testName="TechieDesk.Tests.Agents.AgentMentionTests.HandleMustEndAtWhitespace" computerName="Ss-Virtual-Machine" duration="00:00:00.0000146" startTime="2026-07-27T14:15:52.1354590+05:30" endTime="2026-07-27T14:15:52.1354740+05:30" testType="13cdc9d9-ddb5-4fa4-a97d-d965ccfc6d4b" outcome="Passed" testListId="8c84fa94-04c1-424b-9868-57a2d4851a1d" relativeResultsDirectory="ec66485f-f67c-4ea3-a8bb-8ed89a5ebdf3" />
    <UnitTestResult executionId="69787980-8be9-47be-8d5a-d9ffa89f3cac" testId="42cd977d-294b-a937-6454-73fe42636b9c" testName="TechieDesk.Tests.Docker.DockerDaemonEndpointTests.UnsupportedSchemeIsRejectedWithAReason(raw: &quot;ftp://host:21&quot;)" computerName="Ss-Virtual-Machine" duration="00:00:00.0000565" startTime="2026-07-27T14:15:51.8561540+05:30" endTime="2026-07-27T14:15:51.8561700+05:30" testType="13cdc9d9-ddb5-4fa4-a97d-d965ccfc6d4b" outcome="Passed" testListId="8c84fa94-04c1-424b-9868-57a2d4851a1d" relativeResultsDirectory="69787980-8be9-47be-8d5a-d9ffa89f3cac" />
    <UnitTestResult executionId="ac8220dd-641d-409e-8a49-c399d613f9dc" testId="5ac7a3fb-e5e2-e35c-9a99-33f7f34d0614" testName="TechieDesk.Tests.Workspaces.UploadTypePolicyTests.RejectsUnsupportedBinaryTypes(fileName: &quot;model.onnx&quot;)" computerName="Ss-Virtual-Machine" duration="00:00:00.0000007" startTime="2026-07-27T14:15:51.8592470+05:30" endTime="2026-07-27T14:15:51.8592650+05:30" testType="13cdc9d9-ddb5-4fa4-a97d-d965ccfc6d4b" outcome="Passed" testListId="8c84fa94-04c1-424b-9868-57a2d4851a1d" relativeResultsDirectory="ac8220dd-641d-409e-8a49-c399d613f9dc" />
    <UnitTestResult executionId="94448251-0a7c-4acc-ac03-d34f56f83091" testId="4b4a0109-32f9-e524-2ff0-ee853ecc697d" testName="TechieDesk.Tests.Workspaces.UploadTypePolicyTests.RejectsUnsupportedBinaryTypes(fileName: &quot;clip.mp4&quot;)" computerName="Ss-Virtual-Machine" duration="00:00:00.0000009" startTime="2026-07-27T14:15:51.8592940+05:30" endTime="2026-07-27T14:15:51.8593120+05:30" testType="13cdc9d9-ddb5-4fa4-a97d-d965ccfc6d4b" outcome="Passed" testListId="8c84fa94-04c1-424b-9868-57a2d4851a1d" relativeResultsDirectory="94448251-0a7c-4acc-ac03-d34f56f83091" />
    <UnitTestResult executionId="ff96fcf7-8c7b-47e3-9a7e-31380162fda1" testId="beb1b097-de52-fa6b-2272-bbc124f89fa9" testName="TechieDesk.Tests.Auth.SecretStoreSessionTests.SilentRefreshUpdatesTheStoredTokens" computerName="Ss-Virtual-Machine" duration="00:00:00.0013653" startTime="2026-07-27T14:15:51.8599010+05:30" endTime="2026-07-27T14:15:51.8601040+05:30" testType="13cdc9d9-ddb5-4fa4-a97d-d965ccfc6d4b" outcome="Passed" testListId="8c84fa94-04c1-424b-9868-57a2d4851a1d" relativeResultsDirectory="ff96fcf7-8c7b-47e3-9a7e-31380162fda1" />
    <UnitTestResult executionId="769beeef-a73c-4b9d-9c40-92a6e3ac71fc" testId="193459cc-50d2-d02d-b6d2-7c50ecc9a530" testName="TechieDesk.Tests.AppManager.TransportSecurityTests.LoopbackCleartextIsAllowedInDevelopmentOnly(baseUrl: &quot;http://localhost:5101&quot;)" computerName="Ss-Virtual-Machine" duration="00:00:00.0000616" startTime="2026-07-27T14:15:51.8890030+05:30" endTime="2026-07-27T14:15:51.8890190+05:30" testType="13cdc9d9-ddb5-4fa4-a97d-d965ccfc6d4b" outcome="Passed" testListId="8c84fa94-04c1-424b-9868-57a2d4851a1d" relativeResultsDirectory="769beeef-a73c-4b9d-9c40-92a6e3ac71fc" />
    <UnitTestResult executionId="791cc326-788c-4204-8542-abb6ab1579bc" testId="5a2973f4-f498-a0dd-6b52-0ab16130fe9f" testName="TechieDesk.Tests.Licensing.FeatureGateTests.AppManagerReturnsFeatureLevel" computerName="Ss-Virtual-Machine" duration="00:00:00.0024591" startTime="2026-07-27T14:15:52.0240160+05:30" endTime="2026-07-27T14:15:52.0265100+05:30" testType="13cdc9d9-ddb5-4fa4-a97d-d965ccfc6d4b" outcome="Passed" testListId="8c84fa94-04c1-424b-9868-57a2d4851a1d" relativeResultsDirectory="791cc326-788c-4204-8542-abb6ab1579bc" />
    <UnitTestResult executionId="2629192c-52ce-4198-9595-1fc78ff14c14" testId="0375c70f-6d0a-9baa-67da-a3b71b3a958a" testName="TechieDesk.Tests.Web.WebIngestionRequestTests.ExpectedFetchCountFollowsTheSource" computerName="Ss-Virtual-Machine" duration="00:00:00.0001315" startTime="2026-07-27T14:15:51.8445160+05:30" endTime="2026-07-27T14:15:51.8446160+05:30" testType="13cdc9d9-ddb5-4fa4-a97d-d965ccfc6d4b" outcome="Passed" testListId="8c84fa94-04c1-424b-9868-57a2d4851a1d" relativeResultsDirectory="2629192c-52ce-4198-9595-1fc78ff14c14" />
    <UnitTestResult executionId="004e87ca-0cef-4632-831b-977b6b1422c1" testId="95e9da4f-a81b-353f-1b5e-5ce1669a0c0f" testName="TechieDesk.Tests.Auth.TokenRefreshTests.RefreshFailureClearsSession" computerName="Ss-Virtual-Machine" duration="00:00:00.0016825" startTime="2026-07-27T14:15:51.9172650+05:30" endTime="2026-07-27T14:15:51.9189150+05:30" testType="13cdc9d9-ddb5-4fa4-a97d-d965ccfc6d4b" outcome="Passed" testListId="8c84fa94-04c1-424b-9868-57a2d4851a1d" relativeResultsDirectory="004e87ca-0cef-4632-831b-977b6b1422c1" />
    <UnitTestResult executionId="81cf37e2-f491-48a0-b7dc-ab2c3d0b59e0" testId="5e9fa978-66c7-b0b9-ff2c-eb83633c0f28" testName="TechieDesk.Tests.Web.WebIngestionRequestTests.PageBudgetOutsideTheCeilingIsRefused(pages: -5)" computerName="Ss-Virtual-Machine" duration="00:00:00.0000298" startTime="2026-07-27T14:15:51.8451240+05:30" endTime="2026-07-27T14:15:51.8451410+05:30" testType="13cdc9d9-ddb5-4fa4-a97d-d965ccfc6d4b" outcome="Passed" testListId="8c84fa94-04c1-424b-9868-57a2d4851a1d" relativeResultsDirectory="81cf37e2-f491-48a0-b7dc-ab2c3d0b59e0" />
    <UnitTestResult executionId="797e877e-d9b8-41d1-bc6a-6716670fab2c" testId="b6669a6d-f150-498f-55d4-25f05f6859bc" testName="TechieDesk.Tests.Storage.DataStorageInspectorTests.EmptyDirectoryReportsZeroTotal" computerName="Ss-Virtual-Machine" duration="00:00:00.0003444" startTime="2026-07-27T14:15:51.9044060+05:30" endTime="2026-07-27T14:15:51.9046440+05:30" testType="13cdc9d9-ddb5-4fa4-a97d-d965ccfc6d4b" outcome="Passed" testListId="8c84fa94-04c1-424b-9868-57a2d4851a1d" relativeResultsDirectory="797e877e-d9b8-41d1-bc6a-6716670fab2c" />
    <UnitTestResult executionId="8214e946-3943-47ea-89c7-82b9b489004c" testId="47c708bc-7017-cbff-41ea-03b1ea52442e" testName="TechieDesk.Tests.Agents.AgentMentionTests.DegenerateInputIsNotAMention(text: &quot;&quot;)" computerName="Ss-Virtual-Machine" duration="00:00:00.0000006" startTime="2026-07-27T14:15:52.1341820+05:30" endTime="2026-07-27T14:15:52.1341970+05:30" testType="13cdc9d9-ddb5-4fa4-a97d-d965ccfc6d4b" outcome="Passed" testListId="8c84fa94-04c1-424b-9868-57a2d4851a1d" relativeResultsDirectory="8214e946-3943-47ea-89c7-82b9b489004c" />
    <UnitTestResult executionId="a6a98147-555c-4575-8dce-9ab4ae2b3f4e" testId="3a63b472-2a9d-5113-84ec-ad42f14c9a68" testName="TechieDesk.Tests.Data.DataDirectoryTests.EveryArtefactSharesOneDirectory" computerName="Ss-Virtual-Machine" duration="00:00:00.0012244" startTime="2026-07-27T14:15:51.8556490+05:30" endTime="2026-07-27T14:15:51.8568380+05:30" testType="13cdc9d9-ddb5-4fa4-a97d-d965ccfc6d4b" outcome="Passed" testListId="8c84fa94-04c1-424b-9868-57a2d4851a1d" relativeResultsDirectory="a6a98147-555c-4575-8dce-9ab4ae2b3f4e" />
    <UnitTestResult executionId="0186e855-6328-4409-85ae-e17101c74fab" testId="267420a4-c0cd-3dac-41ba-aec014e3a951" testName="TechieDesk.Tests.AppManager.BillingWireContractTests.InvoiceDownloadStripsPathFromFileName" computerName="Ss-Virtual-Machine" duration="00:00:00.0007195" startTime="2026-07-27T14:15:51.8583680+05:30" endTime="2026-07-27T14:15:51.8599900+05:30" testType="13cdc9d9-ddb5-4fa4-a97d-d965ccfc6d4b" outcome="Passed" testListId="8c84fa94-04c1-424b-9868-57a2d4851a1d" relativeResultsDirectory="0186e855-6328-4409-85ae-e17101c74fab" />
    <UnitTestResult executionId="d60c1d9a-e97c-4235-842e-6fcf0cd66ab9" testId="5f538007-f264-6958-3258-d2181edc645b" testName="TechieDesk.Tests.AppManager.ErrorMappingTests.KnownCodesMapToEnum(wireCode: &quot;VALIDATION_ERROR&quot;, expected: ValidationError)" computerName="Ss-Virtual-Machine" duration="00:00:00.0000010" startTime="2026-07-27T14:15:51.8705240+05:30" endTime="2026-07-27T14:15:51.8723290+05:30" testType="13cdc9d9-ddb5-4fa4-a97d-d965ccfc6d4b" outcome="Passed" testListId="8c84fa94-04c1-424b-9868-57a2d4851a1d" relativeResultsDirectory="d60c1d9a-e97c-4235-842e-6fcf0cd66ab9" />
    <UnitTestResult executionId="df391623-0662-402c-986e-05dc00c3b892" testId="93d31431-743b-5fdc-ad17-a41ecf83a341" testName="TechieDesk.Tests.AppManager.TransportSecurityTests.CleartextRemoteHostIsRejectedEvenInDevelopment" computerName="Ss-Virtual-Machine" duration="00:00:00.0001252" startTime="2026-07-27T14:15:51.8920770+05:30" endTime="2026-07-27T14:15:51.8923870+05:30" testType="13cdc9d9-ddb5-4fa4-a97d-d965ccfc6d4b" outcome="Passed" testListId="8c84fa94-04c1-424b-9868-57a2d4851a1d" relativeResultsDirectory="df391623-0662-402c-986e-05dc00c3b892" />
    <UnitTestResult executionId="d77bc3f9-0e45-46c3-aaa2-f8aa9b72a64a" testId="bce28303-b215-1880-e4da-5a11aa3cdedb" testName="TechieDesk.Tests.AppManager.ErrorMappingTests.KnownCodesMapToEnum(wireCode: &quot;RATE_LIMITED&quot;, expected: RateLimited)" computerName="Ss-Virtual-Machine" duration="00:00:00.0000018" startTime="2026-07-27T14:15:51.8702570+05:30" endTime="2026-07-27T14:15:51.8702730+05:30" testType="13cdc9d9-ddb5-4fa4-a97d-d965ccfc6d4b" outcome="Passed" testListId="8c84fa94-04c1-424b-9868-57a2d4851a1d" relativeResultsDirectory="d77bc3f9-0e45-46c3-aaa2-f8aa9b72a64a" />
    <UnitTestResult executionId="833c7c0d-5651-405c-ba27-c8dacafc18f4" testId="ec905153-0ba2-61de-3c0b-8a6b05b93f97" testName="TechieDesk.Tests.Web.WebIngestionRequestTests.OnlyAbsoluteHttpAddressesAreAccepted(candidate: &quot;ftp://example.com/file.txt&quot;)" computerName="Ss-Virtual-Machine" duration="00:00:00.0000269" startTime="2026-07-27T14:15:51.8404810+05:30" endTime="2026-07-27T14:15:51.8404970+05:30" testType="13cdc9d9-ddb5-4fa4-a97d-d965ccfc6d4b" outcome="Passed" testListId="8c84fa94-04c1-424b-9868-57a2d4851a1d" relativeResultsDirectory="833c7c0d-5651-405c-ba27-c8dacafc18f4" />
    <UnitTestResult executionId="0bc53466-6f64-4f8b-a1d9-6355cece6237" testId="797bf4e4-ff6d-440e-d7c2-2d055d113f6d" testName="TechieDesk.Tests.Workspaces.ChatComposerTests.AutoRagDefersToTheWorkspaceMode" computerName="Ss-Virtual-Machine" duration="00:00:00.0000993" startTime="2026-07-27T14:15:51.8246640+05:30" endTime="2026-07-27T14:15:51.8246820+05:30" testType="13cdc9d9-ddb5-4fa4-a97d-d965ccfc6d4b" outcome="Passed" testListId="8c84fa94-04c1-424b-9868-57a2d4851a1d" relativeResultsDirectory="0bc53466-6f64-4f8b-a1d9-6355cece6237" />
    <UnitTestResult executionId="09a7261d-5325-48f6-981c-4ca9ac89e58b" testId="2cca80ff-5026-1934-a167-dff6825a1935" testName="TechieDesk.Tests.AppManager.TransportSecurityTests.UntrustedCertificateRequiresBothDevelopmentAndOptIn(isDevelopment: False, allowUntrusted: False, expected: False)" computerName="Ss-Virtual-Machine" duration="00:00:00.0010927" startTime="2026-07-27T14:15:51.8924240+05:30" endTime="2026-07-27T14:15:51.8934460+05:30" testType="13cdc9d9-ddb5-4fa4-a97d-d965ccfc6d4b" outcome="Passed" testListId="8c84fa94-04c1-424b-9868-57a2d4851a1d" relativeResultsDirectory="09a7261d-5325-48f6-981c-4ca9ac89e58b" />
    <UnitTestResult executionId="dc3c32a2-fa62-49b0-8720-d9ab7e6ad3d7" testId="190fb48e-507c-4962-2564-c1429e0748e8" testName="TechieDesk.Tests.Licensing.LicenseServiceTests.EnsureFreshRevalidatesOnlyAfterInterval" computerName="Ss-Virtual-Machine" duration="00:00:00.0125758" startTime="2026-07-27T14:15:51.8955750+05:30" endTime="2026-07-27T14:15:51.9069440+05:30" testType="13cdc9d9-ddb5-4fa4-a97d-d965ccfc6d4b" outcome="Passed" testListId="8c84fa94-04c1-424b-9868-57a2d4851a1d" relativeResultsDirectory="dc3c32a2-fa62-49b0-8720-d9ab7e6ad3d7" />
    <UnitTestResult executionId="8cea87fa-20f9-412b-a0f0-4a6b541d268f" testId="03ddd6db-4156-f949-7a4e-50fc4b229266" testName="TechieDesk.Tests.Auth.AuthStateProviderTests.SessionHandleExposesMappedRole" computerName="Ss-Virtual-Machine" duration="00:00:00.0003089" startTime="2026-07-27T14:15:51.8236120+05:30" endTime="2026-07-27T14:15:51.8236890+05:30" testType="13cdc9d9-ddb5-4fa4-a97d-d965ccfc6d4b" outcome="Passed" testListId="8c84fa94-04c1-424b-9868-57a2d4851a1d" relativeResultsDirectory="8cea87fa-20f9-412b-a0f0-4a6b541d268f" />
    <UnitTestResult executionId="4e77917c-aa28-426e-8526-b69cfd1848f3" testId="97b21592-6db1-55ae-80ff-e74233a129ba" testName="TechieDesk.Tests.Agents.AgentRegistryPersistenceTests.ReRunningTheMigratorAppliesNothingNew" computerName="Ss-Virtual-Machine" duration="00:00:00.0473149" startTime="2026-07-27T14:15:52.1179020+05:30" endTime="2026-07-27T14:15:52.1647530+05:30" testType="13cdc9d9-ddb5-4fa4-a97d-d965ccfc6d4b" outcome="Passed" testListId="8c84fa94-04c1-424b-9868-57a2d4851a1d" relativeResultsDirectory="4e77917c-aa28-426e-8526-b69cfd1848f3" />
    <UnitTestResult executionId="a6a11ff9-f8d4-4821-8f53-dbbb44609fd9" testId="13fe54a7-dd5e-013c-a24d-1d61f79c4aac" testName="TechieDesk.Tests.Updates.UpdateServiceTests.RejectsATruncatedDownload" computerName="Ss-Virtual-Machine" duration="00:00:00.0023075" startTime="2026-07-27T14:15:51.9347770+05:30" endTime="2026-07-27T14:15:51.9371550+05:30" testType="13cdc9d9-ddb5-4fa4-a97d-d965ccfc6d4b" outcome="Passed" testListId="8c84fa94-04c1-424b-9868-57a2d4851a1d" relativeResultsDirectory="a6a11ff9-f8d4-4821-8f53-dbbb44609fd9" />
    <UnitTestResult executionId="6adf6cf9-e91c-41cb-a6a7-0d237fcef49d" testId="2c6ea008-042e-2066-cad2-7c9d4b8c6bbe" testName="TechieDesk.Tests.Docker.DockerDaemonEndpointTests.DisablingTlsVerificationRaisesWarning" computerName="Ss-Virtual-Machine" duration="00:00:00.0000536" startTime="2026-07-27T14:15:51.8557160+05:30" endTime="2026-07-27T14:15:51.8557330+05:30" testType="13cdc9d9-ddb5-4fa4-a97d-d965ccfc6d4b" outcome="Passed" testListId="8c84fa94-04c1-424b-9868-57a2d4851a1d" relativeResultsDirectory="6adf6cf9-e91c-41cb-a6a7-0d237fcef49d" />
    <UnitTestResult executionId="7f4c6cdc-4801-4ecb-98ae-a1d8e60ceb03" testId="41ad101b-c924-7f02-ad1e-f2c6050596ba" testName="TechieDesk.Tests.SupportIssues.SupportAttachmentStoreTests.DisallowedTypeIsRefusedAndLeavesNoFile" computerName="Ss-Virtual-Machine" duration="00:00:00.0004021" startTime="2026-07-27T14:15:52.1583640+05:30" endTime="2026-07-27T14:15:52.1584160+05:30" testType="13cdc9d9-ddb5-4fa4-a97d-d965ccfc6d4b" outcome="Passed" testListId="8c84fa94-04c1-424b-9868-57a2d4851a1d" relativeResultsDirectory="7f4c6cdc-4801-4ecb-98ae-a1d8e60ceb03" />
    <UnitTestResult executionId="5620c67d-8db1-4d38-bdc0-be329a33ee12" testId="735de60f-a187-3239-2c66-9f02a5710fa5" testName="TechieDesk.Tests.Docker.DockerDaemonEndpointTests.UnsupportedSchemeIsRejectedWithAReason(raw: &quot;ssh://host&quot;)" computerName="Ss-Virtual-Machine" duration="00:00:00.0000361" startTime="2026-07-27T14:15:51.8561070+05:30" endTime="2026-07-27T14:15:51.8561240+05:30" testType="13cdc9d9-ddb5-4fa4-a97d-d965ccfc6d4b" outcome="Passed" testListId="8c84fa94-04c1-424b-9868-57a2d4851a1d" relativeResultsDirectory="5620c67d-8db1-4d38-bdc0-be329a33ee12" />
[...]
    <TestEntry testId="30d52c34-1869-4e31-7835-f2b4eaa0cbf6" executionId="31c132f1-dd38-4fbe-a638-28dc462c8f29" testListId="8c84fa94-04c1-424b-9868-57a2d4851a1d" />
    <TestEntry testId="a0564c7c-fb3f-ed8e-0250-a6cf95d7db29" executionId="7931f252-8785-4051-b9bd-a4fb931961cb" testListId="8c84fa94-04c1-424b-9868-57a2d4851a1d" />
    <TestEntry testId="252925a8-34d3-cd05-55ad-ecd0841148cb" executionId="96a1c0a5-5a5f-4b39-9e88-1444e8167574" testListId="8c84fa94-04c1-424b-9868-57a2d4851a1d" />
    <TestEntry testId="6601f8e2-6ffe-490a-ea0c-150614f6c206" executionId="e846d434-5a74-4a5b-9f59-0e950659cddf" testListId="8c84fa94-04c1-424b-9868-57a2d4851a1d" />
    <TestEntry testId="706413a3-0cb5-2c52-f38c-96c535ecfb3f" executionId="1992ecb5-4791-4aae-8b9e-8fede8754128" testListId="8c84fa94-04c1-424b-9868-57a2d4851a1d" />
    <TestEntry testId="275a0d94-6d26-2e01-f03e-999fdb81c42a" executionId="3cb0888b-cd6d-4153-818f-9c069ffbd5c6" testListId="8c84fa94-04c1-424b-9868-57a2d4851a1d" />
    <TestEntry testId="2d0127a6-54d4-f291-f29d-bedaee5455f4" executionId="cd74c5fe-e02c-43d2-af88-faf38be05c3d" testListId="8c84fa94-04c1-424b-9868-57a2d4851a1d" />
    <TestEntry testId="960aafdb-e081-93b2-a978-fa0118a995da" executionId="501d4f89-3be9-4b37-ab3b-d268137581e1" testListId="8c84fa94-04c1-424b-9868-57a2d4851a1d" />
    <TestEntry testId="a39c4d6e-524f-4699-877c-fa6ae6b28aba" executionId="4a340a90-edb5-40d3-a2ef-c49df26ecbdf" testListId="8c84fa94-04c1-424b-9868-57a2d4851a1d" />
    <TestEntry testId="a59958f2-481d-c2bb-2196-b144582f97ea" executionId="93d2fa3e-7b42-4a70-8322-2a028be4569f" testListId="8c84fa94-04c1-424b-9868-57a2d4851a1d" />
    <TestEntry testId="48e2ce6c-8d98-82de-417f-f5b0a3202520" executionId="81b9b6ba-6045-46c6-8b0d-a5cc3759ff78" testListId="8c84fa94-04c1-424b-9868-57a2d4851a1d" />
    <TestEntry testId="bc9c1bf0-6985-7a63-dc31-f9d4b75663bf" executionId="bc343767-a665-4437-a3ce-9b8954a6e634" testListId="8c84fa94-04c1-424b-9868-57a2d4851a1d" />
    <TestEntry testId="448f1e60-2e4f-92e0-7872-05bb4018384b" executionId="d528a817-097c-490a-a921-535448081347" testListId="8c84fa94-04c1-424b-9868-57a2d4851a1d" />
    <TestEntry testId="146f2b28-9213-b629-64c7-799baf100666" executionId="d16ad023-fda2-4a55-b01c-7f98a0d60a61" testListId="8c84fa94-04c1-424b-9868-57a2d4851a1d" />
    <TestEntry testId="0b4e9634-6f96-5eee-efa6-8adac8a30210" executionId="45a72419-ead4-4ccc-b2ee-ba4d299db692" testListId="8c84fa94-04c1-424b-9868-57a2d4851a1d" />
    <TestEntry testId="58042dd7-a42d-f27c-f5c7-6a4ba54520b8" executionId="90bb8e33-fe67-4809-b027-1d9127b5c369" testListId="8c84fa94-04c1-424b-9868-57a2d4851a1d" />
    <TestEntry testId="b15c4aba-7159-a466-1b92-0165d16fa927" executionId="0c7ff2f0-138d-4b7f-a3f1-dca923f460af" testListId="8c84fa94-04c1-424b-9868-57a2d4851a1d" />
    <TestEntry testId="16aa4b74-fe9c-6735-1071-f49cf9c92f81" executionId="287f5309-4020-4669-8080-cc9aed3099f6" testListId="8c84fa94-04c1-424b-9868-57a2d4851a1d" />
    <TestEntry testId="f91ab6d5-dee0-bb78-1b07-cb12c0251467" executionId="359d5ecc-ccb7-4981-96d8-4dbcc6fcc62d" testListId="8c84fa94-04c1-424b-9868-57a2d4851a1d" />
    <TestEntry testId="3657f857-5d8c-91fd-addc-c72d9f2ed7e1" executionId="11f80b3e-0551-44cb-b070-c75154b599c4" testListId="8c84fa94-04c1-424b-9868-57a2d4851a1d" />
    <TestEntry testId="4f930fea-62bf-2de0-b044-d600f7276165" executionId="3f394b02-2cef-41eb-b6f7-9f5abdf42e0a" testListId="8c84fa94-04c1-424b-9868-57a2d4851a1d" />
    <TestEntry testId="b9d07933-2730-7b11-9e91-d36f9c876f2c" executionId="e7038e6c-ea05-402b-9de3-4449157df013" testListId="8c84fa94-04c1-424b-9868-57a2d4851a1d" />
    <TestEntry testId="2b3f28cf-193c-5e1f-d96e-6ba142df947b" executionId="0ce613f8-c5d7-46a0-b13a-7583bfcef998" testListId="8c84fa94-04c1-424b-9868-57a2d4851a1d" />
    <TestEntry testId="35d2a789-655d-6656-3f8e-ed2fc765736b" executionId="d7cb687e-c1a6-4007-9587-c3d7284da343" testListId="8c84fa94-04c1-424b-9868-57a2d4851a1d" />
    <TestEntry testId="d5f356b8-9ce4-04e4-0e0c-73b565b0127e" executionId="c062ec87-2111-498c-bc42-429b21ef69e4" testListId="8c84fa94-04c1-424b-9868-57a2d4851a1d" />
    <TestEntry testId="e6705157-6fe7-c8a1-ac2b-46f912ce4d92" executionId="bc147c20-3df5-4f8a-ac05-3e149fc79d2d" testListId="8c84fa94-04c1-424b-9868-57a2d4851a1d" />
    <TestEntry testId="8bf00797-c962-a221-176b-b497c7eecf09" executionId="2da5f5f4-c625-40ab-b198-bdd44248029d" testListId="8c84fa94-04c1-424b-9868-57a2d4851a1d" />
    <TestEntry testId="0111ab81-498c-2e85-831e-1df3064e519e" executionId="8119b98d-da56-4713-afe7-4c2ec4de6786" testListId="8c84fa94-04c1-424b-9868-57a2d4851a1d" />
    <TestEntry testId="0a977624-7bc9-55aa-d1e3-65955363ad6a" executionId="43c1bf38-5feb-4031-9103-41d98bfb84b8" testListId="8c84fa94-04c1-424b-9868-57a2d4851a1d" />
    <TestEntry testId="7b761b93-4363-9bfd-86aa-7591fd8475de" executionId="ca4edf5f-1fa0-4f1a-896a-6cc00bc2990f" testListId="8c84fa94-04c1-424b-9868-57a2d4851a1d" />
    <TestEntry testId="d702f194-18ef-10b4-c194-0a0f60463e0a" executionId="16317fe0-63af-4192-a9f0-da4dee871c12" testListId="8c84fa94-04c1-424b-9868-57a2d4851a1d" />
    <TestEntry testId="3794f74d-bd9e-473c-17fb-90653873e2ce" executionId="a2b693b4-2f40-4b2b-a247-c845e4f4cf7b" testListId="8c84fa94-04c1-424b-9868-57a2d4851a1d" />
    <TestEntry testId="321ab36f-3333-4aaa-e088-3a975335d2b1" executionId="82b2f888-d6bb-4e04-b804-8bdfdbb8b5be" testListId="8c84fa94-04c1-424b-9868-57a2d4851a1d" />
    <TestEntry testId="ff499701-bb76-3a79-ddc3-590adb9e8fe7" executionId="39fe0041-0f3e-4179-b641-ec4691c605dd" testListId="8c84fa94-04c1-424b-9868-57a2d4851a1d" />
    <TestEntry testId="8264c893-cf89-43ff-9798-390b02f1d03d" executionId="69139c14-4b87-487b-a9ed-6b0d67475391" testListId="8c84fa94-04c1-424b-9868-57a2d4851a1d" />
    <TestEntry testId="d4e62672-febe-5b2a-bc06-6df5e0037115" executionId="0c98fed4-3053-4620-b4a4-890df17c7417" testListId="8c84fa94-04c1-424b-9868-57a2d4851a1d" />
    <TestEntry testId="24e077fa-c092-638c-a255-f64e1b5cf548" executionId="30cc90ea-0f04-47fd-9b5c-6938e841e111" testListId="8c84fa94-04c1-424b-9868-57a2d4851a1d" />
    <TestEntry testId="8cccb2c7-4d4c-ba95-863d-0bd3d808f4fa" executionId="3980a635-b980-4a79-aa74-0b39fe479590" testListId="8c84fa94-04c1-424b-9868-57a2d4851a1d" />
    <TestEntry testId="2a48c274-e2c8-ffce-0529-4af40166381e" executionId="0526c5c0-b869-4752-aacb-df9522a887bd" testListId="8c84fa94-04c1-424b-9868-57a2d4851a1d" />
    <TestEntry testId="a14050a9-ea67-3799-82bc-08749cdead41" executionId="1fe8670e-aa92-4286-8cbd-aa6a42843993" testListId="8c84fa94-04c1-424b-9868-57a2d4851a1d" />
    <TestEntry testId="2165de62-33df-8168-b650-aa7dee1045ac" executionId="8f195a1a-59a6-4091-a738-e6b26932c533" testListId="8c84fa94-04c1-424b-9868-57a2d4851a1d" />
    <TestEntry testId="11806a07-ca6b-cc9f-e182-e93522b6ff55" executionId="446a95eb-f5a4-463e-9456-8e2748998ff4" testListId="8c84fa94-04c1-424b-9868-57a2d4851a1d" />
    <TestEntry testId="f970a480-6f80-38e9-ee5b-7eaf1df303b4" executionId="dc22bb15-c1d2-414d-b480-5eaa4ef6f565" testListId="8c84fa94-04c1-424b-9868-57a2d4851a1d" />
    <TestEntry testId="4335845a-110f-3e35-1de4-fcb5754f2f4d" executionId="b601e3d7-e5ba-4ee0-b4c9-480745997644" testListId="8c84fa94-04c1-424b-9868-57a2d4851a1d" />
    <TestEntry testId="d6a8ded7-d442-c67e-31ac-f083288965fe" executionId="fe52f126-b9d8-482b-a2c3-c6853bb18630" testListId="8c84fa94-04c1-424b-9868-57a2d4851a1d" />
    <TestEntry testId="0f3bb137-f8e1-79a2-9da1-845a9806a0be" executionId="a645eb38-341b-4994-b4e4-bb8c2f928d3d" testListId="8c84fa94-04c1-424b-9868-57a2d4851a1d" />
    <TestEntry testId="f3133eed-3be9-2c8b-74a7-c7228160869c" executionId="d4bda728-3305-4232-aa2f-ad14ec2a0f91" testListId="8c84fa94-04c1-424b-9868-57a2d4851a1d" />
    <TestEntry testId="604e34d2-cb1f-1ed6-eff8-3d897bf56852" executionId="c3abbc47-42c2-4748-bfd6-155424a2432e" testListId="8c84fa94-04c1-424b-9868-57a2d4851a1d" />
    <TestEntry testId="d2ab0844-4074-ac31-153b-5c560e3b21b5" executionId="ccb04c68-566f-45b6-87f4-7cd3b2b792d2" testListId="8c84fa94-04c1-424b-9868-57a2d4851a1d" />
    <TestEntry testId="3b616edd-3c2a-7491-c29c-51ba2cf6a27e" executionId="c10e8d00-cb64-47c2-9abd-c318856a2401" testListId="8c84fa94-04c1-424b-9868-57a2d4851a1d" />
    <TestEntry testId="dec19577-f868-7262-4727-db5cb9696254" executionId="30ae2840-ec55-4eb8-b644-e58851f2566c" testListId="8c84fa94-04c1-424b-9868-57a2d4851a1d" />
    <TestEntry testId="a73c3ee6-8905-36e3-7f20-1193baf069de" executionId="695bed19-845d-4005-b0fc-d805373fbf20" testListId="8c84fa94-04c1-424b-9868-57a2d4851a1d" />
    <TestEntry testId="8c68425c-2400-9156-14ea-7d788072edcc" executionId="0b3bde20-2829-443f-beb7-c3a13336b71d" testListId="8c84fa94-04c1-424b-9868-57a2d4851a1d" />
    <TestEntry testId="7f4abe3e-4d2f-2dfb-56ec-29e1da483fbe" executionId="a5bde4f5-c9a4-4d0a-b0fd-1e1c9cfcf720" testListId="8c84fa94-04c1-424b-9868-57a2d4851a1d" />
    <TestEntry testId="50f27f8d-5fe5-b91f-5069-d4749f55b8fa" executionId="d8e65e8b-a708-46b2-aa07-c781c2cadae2" testListId="8c84fa94-04c1-424b-9868-57a2d4851a1d" />
    <TestEntry testId="3e7cdf57-5a79-2e37-a33d-7cb72b876b65" executionId="8b16f4ab-e2de-4747-8067-e360084c66e9" testListId="8c84fa94-04c1-424b-9868-57a2d4851a1d" />
    <TestEntry testId="fc0b9840-72ac-9882-f035-335fe9c11dd5" executionId="56355c81-31d8-44eb-888b-2b8383d12a40" testListId="8c84fa94-04c1-424b-9868-57a2d4851a1d" />
    <TestEntry testId="6ae72b86-f47f-9c48-6d11-648f52e717cf" executionId="7ad71d25-73f4-4079-8baa-a7dc422b8f16" testListId="8c84fa94-04c1-424b-9868-57a2d4851a1d" />
    <TestEntry testId="1affa397-6249-5819-6b5a-2c6e98ce064c" executionId="174868e8-ec01-4698-8d24-9e8051185743" testListId="8c84fa94-04c1-424b-9868-57a2d4851a1d" />
    <TestEntry testId="c2cbe943-688a-1cdf-1354-c19e8210d6b3" executionId="270917ce-a46c-4336-9fb7-c32674c55d5f" testListId="8c84fa94-04c1-424b-9868-57a2d4851a1d" />
    <TestEntry testId="0bc5b204-e0a5-7769-5d75-45316ed75af1" executionId="6efd7452-3c17-4797-87ec-6df0ee3e3787" testListId="8c84fa94-04c1-424b-9868-57a2d4851a1d" />
    <TestEntry testId="6e21c474-80a9-909b-348b-1b13c4f2a957" executionId="de1d20d4-7488-44e2-beae-b5549e51174e" testListId="8c84fa94-04c1-424b-9868-57a2d4851a1d" />
    <TestEntry testId="0b79a038-d1d3-56e6-bf1f-6a51d47f3ad5" executionId="0e3dd03c-e253-462d-9fdf-f194d21a3909" testListId="8c84fa94-04c1-424b-9868-57a2d4851a1d" />
    <TestEntry testId="518abf63-f254-c699-0571-6e8ae63e027a" executionId="d36dc9c2-208d-42ab-9a4c-22ecb13c1e7a" testListId="8c84fa94-04c1-424b-9868-57a2d4851a1d" />
    <TestEntry testId="fb84df90-3ded-ff23-0293-4309dbb37657" executionId="4d9036cd-7cc4-4804-9ece-c82abe5e99e8" testListId="8c84fa94-04c1-424b-9868-57a2d4851a1d" />
    <TestEntry testId="394be2ca-e41c-1b2e-8b25-8341ce1a0fee" executionId="a16cfb85-6872-4057-a701-a7754f2c2670" testListId="8c84fa94-04c1-424b-9868-57a2d4851a1d" />
    <TestEntry testId="46dbdcf2-27a0-0dd0-3eab-eef630c23464" executionId="30726fc0-9279-4319-b91d-f32bf1671359" testListId="8c84fa94-04c1-424b-9868-57a2d4851a1d" />
    <TestEntry testId="0f065038-5bd8-f358-6eb9-60694855f61f" executionId="9b48266a-e6b3-4e64-a277-fe5bd3101843" testListId="8c84fa94-04c1-424b-9868-57a2d4851a1d" />
    <TestEntry testId="389e1139-ba3f-7032-566a-02582daebe2f" executionId="95db3b64-c7c8-49b7-987a-139708bc521d" testListId="8c84fa94-04c1-424b-9868-57a2d4851a1d" />
    <TestEntry testId="a3aaa262-d3fa-eed0-ee23-69045804227f" executionId="4cddd480-8459-4775-8f8d-e962b289761f" testListId="8c84fa94-04c1-424b-9868-57a2d4851a1d" />
    <TestEntry testId="e8dfd8c3-d2f4-1c13-6fe5-b9e692cc582c" executionId="9eaaa503-1c72-4b30-afe9-f50083cd9048" testListId="8c84fa94-04c1-424b-9868-57a2d4851a1d" />
    <TestEntry testId="75b4b866-a231-bbf5-feb9-6a6945fa0f93" executionId="7a76b93b-8ba1-4522-b716-2f1d3e058f7b" testListId="8c84fa94-04c1-424b-9868-57a2d4851a1d" />
    <TestEntry testId="6e514d9f-9dca-a116-f948-fad996b7d8ed" executionId="071b6a96-35bc-4698-b87f-b7cc30d448e0" testListId="8c84fa94-04c1-424b-9868-57a2d4851a1d" />
    <TestEntry testId="cba409cf-c194-4497-1bea-6dab33a8d038" executionId="ea1eee80-5c91-43d8-a648-242ebb821f5e" testListId="8c84fa94-04c1-424b-9868-57a2d4851a1d" />
    <TestEntry testId="1deaf246-1d5e-c2dd-0b97-d414e4eefa90" executionId="3b970779-953c-406c-aec9-580d15ee89a2" testListId="8c84fa94-04c1-424b-9868-57a2d4851a1d" />
    <TestEntry testId="6a059a3a-01d2-59d3-27d3-343137940c27" executionId="5177cff9-e09f-414f-b447-473d5f9291af" testListId="8c84fa94-04c1-424b-9868-57a2d4851a1d" />
    <TestEntry testId="8deb14b9-3bbd-2a0c-bac9-b99db5e79a5e" executionId="1be06ead-9405-47b9-bc11-53aa197802ec" testListId="8c84fa94-04c1-424b-9868-57a2d4851a1d" />
    <TestEntry testId="2623d63b-7e17-1005-a043-45297969c8e0" executionId="895a5474-7f23-4d22-adc3-18d1303ada2c" testListId="8c84fa94-04c1-424b-9868-57a2d4851a1d" />
    <TestEntry testId="aeac76b6-e285-3a54-adb8-ce9411717aca" executionId="d1febb3f-13ca-415e-a6e7-79b268333391" testListId="8c84fa94-04c1-424b-9868-57a2d4851a1d" />
    <TestEntry testId="f90d007a-7fb5-4bdd-63a7-96b835fe31eb" executionId="e69edb2e-b083-469d-ada5-2f0e6ead185c" testListId="8c84fa94-04c1-424b-9868-57a2d4851a1d" />
    <TestEntry testId="3d7d70d6-8a86-8e34-aa49-a08547a33946" executionId="5577ce36-54a3-425f-a1e2-0025519ccb78" testListId="8c84fa94-04c1-424b-9868-57a2d4851a1d" />
    <TestEntry testId="ebae5ef2-1e35-dbaf-1982-1d736bc0410a" executionId="7644445d-cea3-486e-8f2d-7a0603162970" testListId="8c84fa94-04c1-424b-9868-57a2d4851a1d" />
    <TestEntry testId="bc7be897-1366-dffa-a4bd-e968e3b5c288" executionId="d6ce920d-96cb-46d8-9991-a6dd0456bef6" testListId="8c84fa94-04c1-424b-9868-57a2d4851a1d" />
    <TestEntry testId="cd8f6ba2-7f2b-6d70-4ddb-586a48b62947" executionId="2050ab74-a6b3-4037-a78a-ad2a6a3470d6" testListId="8c84fa94-04c1-424b-9868-57a2d4851a1d" />
    <TestEntry testId="8d46ac6e-cc62-b495-bba5-0a11f08ebfef" executionId="76f2c590-ed38-4ef6-a7f8-3025faa89fa1" testListId="8c84fa94-04c1-424b-9868-57a2d4851a1d" />
    <TestEntry testId="99a4a939-456a-0127-940b-bd0e8873125f" executionId="6a2440ea-b1af-432d-9ced-2ff35e18d779" testListId="8c84fa94-04c1-424b-9868-57a2d4851a1d" />
    <TestEntry testId="901c769e-4d18-8358-f746-2009aed849be" executionId="9c1e3fbf-d80b-4613-9d80-dd6e3b3d1f3f" testListId="8c84fa94-04c1-424b-9868-57a2d4851a1d" />
    <TestEntry testId="5cc8683a-48c0-a063-4d88-fe60fcf1f2ba" executionId="7b4de1bb-6f1e-4cdb-a8e2-b232f05409be" testListId="8c84fa94-04c1-424b-9868-57a2d4851a1d" />
    <TestEntry testId="fb39e71f-6556-b2b4-77f1-fe7ed4f252f4" executionId="4c6f388d-152a-4f45-adeb-55e1071f1511" testListId="8c84fa94-04c1-424b-9868-57a2d4851a1d" />
    <TestEntry testId="9ff3f93a-a7fb-07e7-14e7-c02247fe6529" executionId="e3beabe5-f129-42dd-85af-1456d42e5c4a" testListId="8c84fa94-04c1-424b-9868-57a2d4851a1d" />
    <TestEntry testId="b9c3c9c2-d031-4203-f5c7-65b3349d1285" executionId="e547525b-25be-4e34-af3f-de468db32eaa" testListId="8c84fa94-04c1-424b-9868-57a2d4851a1d" />
    <TestEntry testId="31f1cc06-aa77-7759-5fdf-9fabb4b3a791" executionId="651b68ea-827a-49fc-805d-54e06edd30a0" testListId="8c84fa94-04c1-424b-9868-57a2d4851a1d" />
    <TestEntry testId="3139f94b-4530-6a7f-7aba-2c470a7676e1" executionId="23d1b352-8726-48ab-a752-ddb38a0e7471" testListId="8c84fa94-04c1-424b-9868-57a2d4851a1d" />
    <TestEntry testId="26ccfa62-ccae-5801-5706-a4e70af36c11" executionId="ce292255-b5ee-4c74-bfd1-bb83876348ec" testListId="8c84fa94-04c1-424b-9868-57a2d4851a1d" />
    <TestEntry testId="b7bd25ea-883d-b01a-9610-9afd5be20428" executionId="f9f0feeb-6b05-40c8-806c-e36e2b9ef04e" testListId="8c84fa94-04c1-424b-9868-57a2d4851a1d" />
    <TestEntry testId="921f431e-02b0-50bc-3414-2c92b1ce4b6c" executionId="25d89c79-e83b-4c10-ae44-1a283ac1f0f9" testListId="8c84fa94-04c1-424b-9868-57a2d4851a1d" />
    <TestEntry testId="deb4e49d-518d-f058-c6c9-4042ca03398a" executionId="462ac76e-ab2f-406a-aa56-c8a4617e2dcc" testListId="8c84fa94-04c1-424b-9868-57a2d4851a1d" />
    <TestEntry testId="9d3493f4-17e0-6620-744c-a8852a344c82" executionId="b6ebc774-db82-4053-a362-0ec369899a05" testListId="8c84fa94-04c1-424b-9868-57a2d4851a1d" />
    <TestEntry testId="99a2b64b-ccc0-af9e-a27d-3379a43ec8c7" executionId="f45b9ff8-11a7-476f-8189-22f1babfcd8b" testListId="8c84fa94-04c1-424b-9868-57a2d4851a1d" />
    <TestEntry testId="a9f5a8e1-366e-7727-f87f-28516035d64e" executionId="a610ff8e-0a2c-42b9-8ed7-767333ee7d97" testListId="8c84fa94-04c1-424b-9868-57a2d4851a1d" />
    <TestEntry testId="ce46e0b9-81a9-294e-955b-56d77c4fae04" executionId="fc515b6c-d74c-4cfa-8ad5-1d0698d6b75a" testListId="8c84fa94-04c1-424b-9868-57a2d4851a1d" />
    <TestEntry testId="c152fa78-d921-4fe4-6517-fe730d640f7a" executionId="bf1a0122-d5ce-4697-8f09-34e362479f84" testListId="8c84fa94-04c1-424b-9868-57a2d4851a1d" />
    <TestEntry testId="f823afaf-53ad-78a5-a090-4e4b65fe8f3c" executionId="3c32ef90-f9a2-4399-bee0-6707dd1274bb" testListId="8c84fa94-04c1-424b-9868-57a2d4851a1d" />
    <TestEntry testId="7cfa7111-4a75-169d-2f35-f6d29646b7f0" executionId="1fe3be60-2b61-41ca-b71d-5ccce7c1fcd2" testListId="8c84fa94-04c1-424b-9868-57a2d4851a1d" />
    <TestEntry testId="f8b20c21-331e-463e-ec46-8a6bd9967a89" executionId="dcc60a58-51b2-4666-a6f6-94282f7b6cf6" testListId="8c84fa94-04c1-424b-9868-57a2d4851a1d" />
    <TestEntry testId="f39a8b48-86c9-9f35-1f83-acf074d83d26" executionId="0f4b07ab-82cd-4a9a-877e-91cb7026b75d" testListId="8c84fa94-04c1-424b-9868-57a2d4851a1d" />
    <TestEntry testId="d6334353-4231-0510-cc2a-85cb81988220" executionId="5d34a5a7-3840-4b8a-8e45-d37984e1c0a5" testListId="8c84fa94-04c1-424b-9868-57a2d4851a1d" />
    <TestEntry testId="3a370309-6387-bc89-c6a9-7eaa56e6f119" executionId="94c58649-16f9-4d45-9b61-26704c3a0c0f" testListId="8c84fa94-04c1-424b-9868-57a2d4851a1d" />
    <TestEntry testId="5a502608-d25b-df61-402c-d3d5474018ab" executionId="830e6e18-ced8-4788-9845-7414dc0a6348" testListId="8c84fa94-04c1-424b-9868-57a2d4851a1d" />
  </TestEntries>
  <TestLists>
    <TestList name="Results Not in a List" id="8c84fa94-04c1-424b-9868-57a2d4851a1d" />
    <TestList name="All Loaded Results" id="19431567-8539-422a-85d7-44ee4e166bda" />
  </TestLists>
  <ResultSummary outcome="Failed">
    <Counters total="586" executed="586" passed="585" failed="1" error="0" timeout="0" aborted="0" inconclusive="0" passedButRunAborted="0" notRunnable="0" notExecuted="0" disconnected="0" warning="0" completed="0" inProgress="0" pending="0" />
    <Output>
      <StdOut>[xUnit.net 00:00:00.00] xUnit.net VSTest Adapter v3.1.5+1b188a7b0a (64-bit .NET 10.0.10)
[xUnit.net 00:00:00.05]   Discovering: TechieDesk.Tests
[xUnit.net 00:00:00.11]   Discovered:  TechieDesk.Tests
[xUnit.net 00:00:00.16]   Starting:    TechieDesk.Tests
[xUnit.net 00:00:02.82]       Assert.Equal() Failure: Values differ
[xUnit.net 00:00:02.82]       Expected: 3
[xUnit.net 00:00:02.82]       Actual:   0
[xUnit.net 00:00:02.82]       Stack Trace:
[xUnit.net 00:00:02.82]         /Users/MyCode/TechieRag/tests/TechieDesk.Tests/Web/WebIngestionServiceTests.cs(197,0): at TechieDesk.Tests.Web.WebIngestionServiceTests.ProgressIsReportedForEveryPageAttempt()
[xUnit.net 00:00:02.82]         /Users/MyCode/TechieRag/tests/TechieDesk.Tests/Web/WebIngestionServiceTests.cs(205,0): at TechieDesk.Tests.Web.WebIngestionServiceTests.ProgressIsReportedForEveryPageAttempt()
[xUnit.net 00:00:02.82]         --- End of stack trace from previous location ---
[xUnit.net 00:00:02.92]   Finished:    TechieDesk.Tests
</StdOut>
    </Output>
    <RunInfos>
      <RunInfo computerName="Ss-Virtual-Machine" outcome="Error" timestamp="2026-07-27T14:15:54.4351530+05:30">
        <Text>[xUnit.net 00:00:02.82]     TechieDesk.Tests.Web.WebIngestionServiceTests.ProgressIsReportedForEveryPageAttempt [FAIL]</Text>
      </RunInfo>
    </RunInfos>
  </ResultSummary>
</TestRun>